<!DOCTYPE html>
<html>
<head>
<meta http-equiv="Content-Type" content="text/html; charset=utf-8"/>
<meta http-equiv="x-ua-compatible" content="IE=edge"/>
<title>Test results - ValidationTest</title>
<link href="../css/base-style.css" rel="stylesheet" type="text/css"/>
<link href="../css/style.css" rel="stylesheet" type="text/css"/>
<script src="../js/report.js" type="text/javascript"></script>
</head>
<body>
<div id="content">
<h1>ValidationTest</h1>
<div class="breadcrumbs">
<a href="../index.html">all</a> &gt; 
<a href="../packages/com.arcana.cloud.integration.html">com.arcana.cloud.integration</a> &gt; ValidationTest</div>
<div id="summary">
<table>
<tr>
<td>
<div class="summaryGroup">
<table>
<tr>
<td>
<div class="infoBox" id="tests">
<div class="counter">19</div>
<p>tests</p>
</div>
</td>
<td>
<div class="infoBox" id="failures">
<div class="counter">0</div>
<p>failures</p>
</div>
</td>
<td>
<div class="infoBox" id="ignored">
<div class="counter">0</div>
<p>ignored</p>
</div>
</td>
<td>
<div class="infoBox" id="duration">
<div class="counter">0.802s</div>
<p>duration</p>
</div>
</td>
</tr>
</table>
</div>
</td>
<td>
<div class="infoBox success" id="successRate">
<div class="percent">100%</div>
<p>successful</p>
</div>
</td>
</tr>
</table>
</div>
<div class="tab-container">
<ul class="tabLinks">
<li>
<a href="#">Tests</a>
</li>
<li>
<a href="#">Standard output</a>
</li>
<li>
<a href="#">Standard error</a>
</li>
</ul>
<div class="tab">
<h2>Tests</h2>
<table>
<thead>
<tr>
<th>Test</th>
<th>Duration</th>
<th>Result</th>
</tr>
</thead>
<tr>
<td class="success">testLogin_EmptyBody()</td>
<td class="success">0.004s</td>
<td class="success">passed</td>
</tr>
<tr>
<td class="success">testLogin_InvalidCredentials()</td>
<td class="success">0.006s</td>
<td class="success">passed</td>
</tr>
<tr>
<td class="success">testLogin_PasswordRequired()</td>
<td class="success">0.002s</td>
<td class="success">passed</td>
</tr>
<tr>
<td class="success">testLogin_UsernameOrEmailRequired()</td>
<td class="success">0.351s</td>
<td class="success">passed</td>
</tr>
<tr>
<td class="success">testLogin_WrongPassword()</td>
<td class="success">0.128s</td>
<td class="success">passed</td>
</tr>
<tr>
<td class="success">testRefreshToken_InvalidToken()</td>
<td class="success">0.015s</td>
<td class="success">passed</td>
</tr>
<tr>
<td class="success">testRefreshToken_TokenRequired()</td>
<td class="success">0.003s</td>
<td class="success">passed</td>
</tr>
<tr>
<td class="success">testRegister_ConfirmPasswordRequired()</td>
<td class="success">0.017s</td>
<td class="success">passed</td>
</tr>
<tr>
<td class="success">testRegister_DuplicateEmail()</td>
<td class="success">0.071s</td>
<td class="success">passed</td>
</tr>
<tr>
<td class="success">testRegister_DuplicateUsername()</td>
<td class="success">0.180s</td>
<td class="success">passed</td>
</tr>
<tr>
<td class="success">testRegister_EmailRequired()</td>
<td class="success">0.003s</td>
<td class="success">passed</td>
</tr>
<tr>
<td class="success">testRegister_EmptyBody()</td>
<td class="success">0.002s</td>
<td class="success">passed</td>
</tr>
<tr>
<td class="success">testRegister_InvalidEmailFormat()</td>
<td class="success">0.002s</td>
<td class="success">passed</td>
</tr>
<tr>
<td class="success">testRegister_PasswordMismatch()</td>
<td class="success">0.003s</td>
<td class="success">passed</td>
</tr>
<tr>
<td class="success">testRegister_PasswordRequired()</td>
<td class="success">0.002s</td>
<td class="success">passed</td>
</tr>
<tr>
<td class="success">testRegister_PasswordTooShort()</td>
<td class="success">0.002s</td>
<td class="success">passed</td>
</tr>
<tr>
<td class="success">testRegister_UsernameRequired()</td>
<td class="success">0.003s</td>
<td class="success">passed</td>
</tr>
<tr>
<td class="success">testRegister_UsernameTooLong()</td>
<td class="success">0.004s</td>
<td class="success">passed</td>
</tr>
<tr>
<td class="success">testRegister_UsernameTooShort()</td>
<td class="success">0.004s</td>
<td class="success">passed</td>
</tr>
</table>
</div>
<div class="tab">
<h2>Standard output</h2>
<span class="code">
<pre id="class-stdout">10:37:55.666 [Test worker] INFO org.springframework.test.context.support.AnnotationConfigContextLoaderUtils -- Could not detect default configuration classes for test class [com.arcana.cloud.integration.ValidationTest]: ValidationTest does not declare any static, non-private, non-final, nested classes annotated with @Configuration.
10:37:55.760 [Test worker] INFO org.springframework.boot.test.context.SpringBootTestContextBootstrapper -- Found @SpringBootConfiguration com.arcana.cloud.ArcanaCloudApplication for test class com.arcana.cloud.integration.ValidationTest

  .   ____          _            __ _ _
 /\\ / ___'_ __ _ _(_)_ __  __ _ \ \ \ \
( ( )\___ | '_ | '_| | '_ \/ _` | \ \ \ \
 \\/  ___)| |_)| | | | | || (_| |  ) ) ) )
  '  |____| .__|_| |_|_| |_\__, | / / / /
 =========|_|==============|___/=/_/_/_/

 :: Spring Boot ::                (v4.0.1)

2026-01-06 10:37:56 [Test worker] INFO  c.a.cloud.integration.ValidationTest - Starting ValidationTest using Java 25.0.1 with PID 7778 (started by jrjohn in /Users/jrjohn/Documents/projects/arcana-cloud-springboot)
2026-01-06 10:37:56 [Test worker] DEBUG c.a.cloud.integration.ValidationTest - Running with Spring Boot v4.0.1, Spring v7.0.2
2026-01-06 10:37:56 [Test worker] INFO  c.a.cloud.integration.ValidationTest - The following 1 profile is active: &quot;test&quot;
2026-01-06 10:37:56 [Test worker] INFO  o.s.d.r.c.RepositoryConfigurationDelegate - Multiple Spring Data modules found, entering strict repository configuration mode
2026-01-06 10:37:56 [Test worker] INFO  o.s.d.r.c.RepositoryConfigurationDelegate - Bootstrapping Spring Data JPA repositories in DEFAULT mode.
2026-01-06 10:37:56 [Test worker] INFO  o.s.d.r.c.RepositoryConfigurationDelegate - Finished Spring Data repository scanning in 22 ms. Found 0 JPA repository interfaces.
2026-01-06 10:37:56 [Test worker] INFO  o.s.d.r.c.RepositoryConfigurationDelegate - Multiple Spring Data modules found, entering strict repository configuration mode
2026-01-06 10:37:56 [Test worker] INFO  o.s.d.r.c.RepositoryConfigurationDelegate - Bootstrapping Spring Data MongoDB repositories in DEFAULT mode.
2026-01-06 10:37:56 [Test worker] INFO  o.s.d.r.c.RepositoryConfigurationDelegate - Finished Spring Data repository scanning in 5 ms. Found 0 MongoDB repository interfaces.
2026-01-06 10:37:56 [Test worker] INFO  o.s.d.r.c.RepositoryConfigurationDelegate - Multiple Spring Data modules found, entering strict repository configuration mode
2026-01-06 10:37:56 [Test worker] INFO  o.s.d.r.c.RepositoryConfigurationDelegate - Bootstrapping Spring Data Redis repositories in DEFAULT mode.
2026-01-06 10:37:56 [Test worker] INFO  o.s.d.r.c.RepositoryConfigurationDelegate - Finished Spring Data repository scanning in 5 ms. Found 0 Redis repository interfaces.
2026-01-06 10:37:57 [Test worker] INFO  o.s.cloud.context.scope.GenericScope - BeanFactory id=a2727d86-8b3e-37dc-9a1b-d12e09847649
2026-01-06 10:37:57 [Test worker] INFO  org.hibernate.orm.jpa - HHH008540: Processing PersistenceUnitInfo [name: default]
2026-01-06 10:37:57 [Test worker] INFO  org.hibernate.orm.core - HHH000001: Hibernate ORM core version 7.2.0.Final
2026-01-06 10:37:57 [Test worker] INFO  o.s.o.j.p.SpringPersistenceUnitInfo - No LoadTimeWeaver setup: ignoring JPA class transformer
2026-01-06 10:37:57 [Test worker] INFO  com.zaxxer.hikari.HikariDataSource - HikariPool-1 - Starting...
2026-01-06 10:37:57 [Test worker] INFO  com.zaxxer.hikari.pool.HikariPool - HikariPool-1 - Added connection conn0: url=jdbc:h2:mem:testdb user=SA
2026-01-06 10:37:57 [Test worker] INFO  com.zaxxer.hikari.HikariDataSource - HikariPool-1 - Start completed.
2026-01-06 10:37:57 [Test worker] WARN  org.hibernate.orm.deprecation - HHH90000025: H2Dialect does not need to be specified explicitly using 'hibernate.dialect' (remove the property setting and it will be selected by default)
2026-01-06 10:37:57 [Test worker] INFO  o.hibernate.orm.connections.pooling - HHH10001005: Database info:
	Database JDBC URL [jdbc:h2:mem:testdb]
	Database driver: H2 JDBC Driver
	Database dialect: H2Dialect
	Database version: 2.4.240
	Default catalog/schema: TESTDB/PUBLIC
	Autocommit mode: undefined/unknown
	Isolation level: READ_COMMITTED [default READ_COMMITTED]
	JDBC fetch size: 100
	Pool: DataSourceConnectionProvider
	Minimum pool size: undefined/unknown
	Maximum pool size: undefined/unknown
2026-01-06 10:37:58 [Test worker] INFO  org.hibernate.orm.core - HHH000489: No JTA platform available (set 'hibernate.transaction.jta.platform' to enable JTA platform integration)
Hibernate: 
    drop table if exists oauth_tokens cascade 
Hibernate: 
    drop table if exists users cascade 
Hibernate: 
    create table oauth_tokens (
        is_revoked boolean,
        created_at timestamp(6),
        expires_at timestamp(6) not null,
        id bigint generated by default as identity,
        refresh_expires_at timestamp(6) not null,
        user_id bigint not null,
        client_ip varchar(50),
        token_type varchar(50),
        access_token varchar(500) not null,
        refresh_token varchar(500) not null,
        user_agent varchar(255),
        primary key (id)
    )
Hibernate: 
    create table users (
        is_active boolean,
        is_verified boolean,
        created_at timestamp(6),
        id bigint generated by default as identity,
        updated_at timestamp(6),
        first_name varchar(50),
        last_name varchar(50),
        username varchar(50) not null unique,
        email varchar(100) not null unique,
        password varchar(255) not null,
        role enum ('ADMIN','MODERATOR','USER') not null,
        primary key (id)
    )
Hibernate: 
    alter table if exists oauth_tokens 
       add constraint FKo3ygyue8ry6098fk4tatyskce 
       foreign key (user_id) 
       references users
2026-01-06 10:37:58 [Test worker] INFO  o.s.o.j.LocalContainerEntityManagerFactoryBean - Initialized JPA EntityManagerFactory for persistence unit 'default'
2026-01-06 10:37:58 [Test worker] INFO  c.a.c.service.grpc.GrpcHealthService - gRPC Health Service initialized
2026-01-06 10:37:58 [Test worker] INFO  c.a.c.plugin.runtime.PluginManager - Initializing Arcana Cloud Plugin System
2026-01-06 10:37:58 [Test worker] INFO  c.a.c.plugin.runtime.PluginManager -   Plugins directory: /Users/jrjohn/Documents/projects/arcana-cloud-springboot/plugins
2026-01-06 10:37:58 [Test worker] INFO  c.a.c.plugin.runtime.PluginManager -   Platform version: 1.0.0
2026-01-06 10:37:58 [Test worker] INFO  c.a.c.p.r.osgi.FelixFrameworkFactory - Starting Apache Felix OSGi framework...
2026-01-06 10:37:58 [Test worker] INFO  c.a.c.p.r.osgi.FelixFrameworkFactory - Apache Felix OSGi framework started successfully
2026-01-06 10:37:58 [Test worker] INFO  c.a.c.p.r.osgi.FelixFrameworkFactory -   Framework version: 1.9
2026-01-06 10:37:58 [Test worker] INFO  c.a.c.p.r.osgi.FelixFrameworkFactory -   Cache directory: /Users/jrjohn/Documents/projects/arcana-cloud-springboot/plugins/.cache
2026-01-06 10:37:58 [Test worker] INFO  c.a.c.p.r.osgi.FelixFrameworkFactory -   Plugins directory: /Users/jrjohn/Documents/projects/arcana-cloud-springboot/plugins
2026-01-06 10:37:58 [Test worker] INFO  c.a.c.p.r.bridge.SpringOSGiBridge - Initializing Spring-OSGi bridge
2026-01-06 10:37:58 [Test worker] INFO  c.a.c.p.r.bridge.SpringOSGiBridge - Exported Spring bean 'dataSource' to OSGi as [javax.sql.DataSource]
2026-01-06 10:37:58 [Test worker] DEBUG c.a.c.p.r.s.PluginAuditService - [BEAN_ACCESS] plugin=system bean=javax.sql.DataSource status=ALLOWED
2026-01-06 10:37:58 [Test worker] INFO  c.a.c.p.r.bridge.SpringOSGiBridge - Exported Spring bean 'passwordEncoder' to OSGi as [org.springframework.security.crypto.password.PasswordEncoder]
2026-01-06 10:37:58 [Test worker] DEBUG c.a.c.p.r.s.PluginAuditService - [BEAN_ACCESS] plugin=system bean=org.springframework.security.crypto.password.PasswordEncoder status=ALLOWED
2026-01-06 10:37:58 [Test worker] INFO  c.a.c.p.r.scanner.PluginScanner - Scanning for plugins in: /Users/jrjohn/Documents/projects/arcana-cloud-springboot/plugins
2026-01-06 10:37:58 [Test worker] DEBUG c.a.c.p.r.scanner.PluginScanner - Found plugin JAR: monolithic-test-plugin-1.0.0.jar
2026-01-06 10:37:58 [Test worker] INFO  c.a.c.p.r.osgi.OSGiPluginManager - Installing plugin bundle: /Users/jrjohn/Documents/projects/arcana-cloud-springboot/plugins/monolithic-test-plugin-1.0.0.jar
2026-01-06 10:37:58 [Test worker] ERROR c.a.c.p.r.scanner.PluginScanner - Failed to install plugin: monolithic-test-plugin-1.0.0.jar
org.osgi.framework.BundleException: Unable to cache bundle: file:///Users/jrjohn/Documents/projects/arcana-cloud-springboot/plugins/monolithic-test-plugin-1.0.0.jar
	at org.apache.felix.framework.Felix.installBundle(Felix.java:3258)
	at org.apache.felix.framework.BundleContextImpl.installBundle(BundleContextImpl.java:147)
	at org.apache.felix.framework.BundleContextImpl.installBundle(BundleContextImpl.java:120)
	at com.arcana.cloud.plugin.runtime.osgi.OSGiPluginManager.installPlugin(OSGiPluginManager.java:78)
	at com.arcana.cloud.plugin.runtime.scanner.PluginScanner.scanAndInstall(PluginScanner.java:63)
	at com.arcana.cloud.plugin.runtime.PluginManager.initialize(PluginManager.java:105)
	at java.base/jdk.internal.reflect.DirectMethodHandleAccessor.invoke(DirectMethodHandleAccessor.java:104)
	at java.base/java.lang.reflect.Method.invoke(Method.java:565)
	at org.springframework.beans.factory.annotation.InitDestroyAnnotationBeanPostProcessor$LifecycleMethod.invoke(InitDestroyAnnotationBeanPostProcessor.java:453)
	at org.springframework.beans.factory.annotation.InitDestroyAnnotationBeanPostProcessor$LifecycleMetadata.invokeInitMethods(InitDestroyAnnotationBeanPostProcessor.java:397)
	at org.springframework.beans.factory.annotation.InitDestroyAnnotationBeanPostProcessor.postProcessBeforeInitialization(InitDestroyAnnotationBeanPostProcessor.java:217)
	at org.springframework.beans.factory.support.AbstractAutowireCapableBeanFactory.applyBeanPostProcessorsBeforeInitialization(AbstractAutowireCapableBeanFactory.java:426)
	at org.springframework.beans.factory.support.AbstractAutowireCapableBeanFactory.initializeBean(AbstractAutowireCapableBeanFactory.java:1809)
	at org.springframework.beans.factory.support.AbstractAutowireCapableBeanFactory.doCreateBean(AbstractAutowireCapableBeanFactory.java:603)
	at org.springframework.beans.factory.support.AbstractAutowireCapableBeanFactory.createBean(AbstractAutowireCapableBeanFactory.java:525)
	at org.springframework.beans.factory.support.AbstractBeanFactory.lambda$doGetBean$0(AbstractBeanFactory.java:333)
	at org.springframework.beans.factory.support.DefaultSingletonBeanRegistry.getSingleton(DefaultSingletonBeanRegistry.java:371)
	at org.springframework.beans.factory.support.AbstractBeanFactory.doGetBean(AbstractBeanFactory.java:331)
	at org.springframework.beans.factory.support.AbstractBeanFactory.getBean(AbstractBeanFactory.java:196)
	at org.springframework.beans.factory.support.DefaultListableBeanFactory.instantiateSingleton(DefaultListableBeanFactory.java:1218)
	at org.springframework.beans.factory.support.DefaultListableBeanFactory.preInstantiateSingleton(DefaultListableBeanFactory.java:1184)
	at org.springframework.beans.factory.support.DefaultListableBeanFactory.preInstantiateSingletons(DefaultListableBeanFactory.java:1121)
	at org.springframework.context.support.AbstractApplicationContext.finishBeanFactoryInitialization(AbstractApplicationContext.java:993)
	at org.springframework.context.support.AbstractApplicationContext.refresh(AbstractApplicationContext.java:620)
	at org.springframework.boot.SpringApplication.refresh(SpringApplication.java:756)
	at org.springframework.boot.SpringApplication.refreshContext(SpringApplication.java:445)
	at org.springframework.boot.SpringApplication.run(SpringApplication.java:321)
	at org.springframework.boot.test.context.SpringBootContextLoader.lambda$loadContext$2(SpringBootContextLoader.java:156)
	at org.springframework.util.function.ThrowingSupplier.get(ThrowingSupplier.java:58)
	at org.springframework.util.function.ThrowingSupplier.get(ThrowingSupplier.java:46)
	at org.springframework.boot.SpringApplication.withHook(SpringApplication.java:1465)
	at org.springframework.boot.test.context.SpringBootContextLoader$ContextLoaderHook.run(SpringBootContextLoader.java:605)
	at org.springframework.boot.test.context.SpringBootContextLoader.loadContext(SpringBootContextLoader.java:156)
	at org.springframework.boot.test.context.SpringBootContextLoader.loadContext(SpringBootContextLoader.java:115)
	at org.springframework.test.context.cache.DefaultCacheAwareContextLoaderDelegate.loadContextInternal(DefaultCacheAwareContextLoaderDelegate.java:247)
	at org.springframework.test.context.cache.DefaultCacheAwareContextLoaderDelegate.lambda$loadContext$0(DefaultCacheAwareContextLoaderDelegate.java:167)
	at org.springframework.test.context.cache.DefaultContextCache.put(DefaultContextCache.java:172)
	at org.springframework.test.context.cache.DefaultCacheAwareContextLoaderDelegate.loadContext(DefaultCacheAwareContextLoaderDelegate.java:160)
	at org.springframework.test.context.support.DefaultTestContext.getApplicationContext(DefaultTestContext.java:128)
	at org.springframework.test.context.web.ServletTestExecutionListener.setUpRequestContextIfNecessary(ServletTestExecutionListener.java:200)
	at org.springframework.test.context.web.ServletTestExecutionListener.prepareTestInstance(ServletTestExecutionListener.java:139)
	at org.springframework.test.context.TestContextManager.prepareTestInstance(TestContextManager.java:260)
	at org.springframework.test.context.junit.jupiter.SpringExtension.postProcessTestInstance(SpringExtension.java:205)
	at org.junit.jupiter.engine.descriptor.ClassBasedTestDescriptor.lambda$invokeTestInstancePostProcessors$1(ClassBasedTestDescriptor.java:423)
	at org.junit.jupiter.engine.descriptor.ClassBasedTestDescriptor.executeAndMaskThrowable(ClassBasedTestDescriptor.java:428)
	at org.junit.jupiter.engine.descriptor.ClassBasedTestDescriptor.lambda$invokeTestInstancePostProcessors$0(ClassBasedTestDescriptor.java:422)
	at java.base/java.util.stream.ForEachOps$ForEachOp$OfRef.accept(ForEachOps.java:186)
	at java.base/java.util.stream.ReferencePipeline$3$1.accept(ReferencePipeline.java:214)
	at java.base/java.util.stream.ReferencePipeline$2$1.accept(ReferencePipeline.java:197)
	at java.base/java.util.stream.ReferencePipeline$3$1.accept(ReferencePipeline.java:214)
	at java.base/java.util.ArrayList$ArrayListSpliterator.forEachRemaining(ArrayList.java:1716)
	at java.base/java.util.stream.AbstractPipeline.copyInto(AbstractPipeline.java:570)
	at java.base/java.util.stream.AbstractPipeline.wrapAndCopyInto(AbstractPipeline.java:560)
	at java.base/java.util.stream.ForEachOps$ForEachOp.evaluateSequential(ForEachOps.java:153)
	at java.base/java.util.stream.ForEachOps$ForEachOp$OfRef.evaluateSequential(ForEachOps.java:176)
	at java.base/java.util.stream.AbstractPipeline.evaluate(AbstractPipeline.java:265)
	at java.base/java.util.stream.ReferencePipeline.forEach(ReferencePipeline.java:632)
	at org.junit.jupiter.engine.descriptor.ClassBasedTestDescriptor.invokeTestInstancePostProcessors(ClassBasedTestDescriptor.java:422)
	at org.junit.jupiter.engine.descriptor.ClassBasedTestDescriptor.lambda$instantiateAndPostProcessTestInstance$0(ClassBasedTestDescriptor.java:334)
	at org.junit.platform.engine.support.hierarchical.ThrowableCollector.execute(ThrowableCollector.java:74)
	at org.junit.jupiter.engine.descriptor.ClassBasedTestDescriptor.instantiateAndPostProcessTestInstance(ClassBasedTestDescriptor.java:333)
	at org.junit.jupiter.engine.descriptor.ClassBasedTestDescriptor.lambda$testInstancesProvider$1(ClassBasedTestDescriptor.java:322)
	at java.base/java.util.Optional.orElseGet(Optional.java:364)
	at org.junit.jupiter.engine.descriptor.ClassBasedTestDescriptor.lambda$testInstancesProvider$0(ClassBasedTestDescriptor.java:321)
	at org.junit.jupiter.engine.execution.TestInstancesProvider.getTestInstances(TestInstancesProvider.java:27)
	at org.junit.jupiter.engine.descriptor.TestMethodTestDescriptor.lambda$prepare$0(TestMethodTestDescriptor.java:127)
	at org.junit.platform.engine.support.hierarchical.ThrowableCollector.execute(ThrowableCollector.java:74)
	at org.junit.jupiter.engine.descriptor.TestMethodTestDescriptor.prepare(TestMethodTestDescriptor.java:126)
	at org.junit.jupiter.engine.descriptor.TestMethodTestDescriptor.prepare(TestMethodTestDescriptor.java:70)
	at org.junit.platform.engine.support.hierarchical.NodeTestTask.lambda$prepare$0(NodeTestTask.java:144)
	at org.junit.platform.engine.support.hierarchical.ThrowableCollector.execute(ThrowableCollector.java:74)
	at org.junit.platform.engine.support.hierarchical.NodeTestTask.prepare(NodeTestTask.java:144)
	at org.junit.platform.engine.support.hierarchical.NodeTestTask.execute(NodeTestTask.java:110)
	at java.base/java.util.ArrayList.forEach(ArrayList.java:1604)
	at org.junit.platform.engine.support.hierarchical.SameThreadHierarchicalTestExecutorService.invokeAll(SameThreadHierarchicalTestExecutorService.java:42)
	at org.junit.platform.engine.support.hierarchical.NodeTestTask.lambda$executeRecursively$2(NodeTestTask.java:180)
	at org.junit.platform.engine.support.hierarchical.ThrowableCollector.execute(ThrowableCollector.java:74)
	at org.junit.platform.engine.support.hierarchical.NodeTestTask.lambda$executeRecursively$1(NodeTestTask.java:166)
	at org.junit.platform.engine.support.hierarchical.Node.around(Node.java:138)
	at org.junit.platform.engine.support.hierarchical.NodeTestTask.lambda$executeRecursively$0(NodeTestTask.java:164)
	at org.junit.platform.engine.support.hierarchical.ThrowableCollector.execute(ThrowableCollector.java:74)
	at org.junit.platform.engine.support.hierarchical.NodeTestTask.executeRecursively(NodeTestTask.java:163)
	at org.junit.platform.engine.support.hierarchical.NodeTestTask.execute(NodeTestTask.java:116)
	at java.base/java.util.ArrayList.forEach(ArrayList.java:1604)
	at org.junit.platform.engine.support.hierarchical.SameThreadHierarchicalTestExecutorService.invokeAll(SameThreadHierarchicalTestExecutorService.java:42)
	at org.junit.platform.engine.support.hierarchical.NodeTestTask.lambda$executeRecursively$2(NodeTestTask.java:180)
	at org.junit.platform.engine.support.hierarchical.ThrowableCollector.execute(ThrowableCollector.java:74)
	at org.junit.platform.engine.support.hierarchical.NodeTestTask.lambda$executeRecursively$1(NodeTestTask.java:166)
	at org.junit.platform.engine.support.hierarchical.Node.around(Node.java:138)
	at org.junit.platform.engine.support.hierarchical.NodeTestTask.lambda$executeRecursively$0(NodeTestTask.java:164)
	at org.junit.platform.engine.support.hierarchical.ThrowableCollector.execute(ThrowableCollector.java:74)
	at org.junit.platform.engine.support.hierarchical.NodeTestTask.executeRecursively(NodeTestTask.java:163)
	at org.junit.platform.engine.support.hierarchical.NodeTestTask.execute(NodeTestTask.java:116)
	at org.junit.platform.engine.support.hierarchical.SameThreadHierarchicalTestExecutorService.submit(SameThreadHierarchicalTestExecutorService.java:36)
	at org.junit.platform.engine.support.hierarchical.HierarchicalTestExecutor.execute(HierarchicalTestExecutor.java:52)
	at org.junit.platform.engine.support.hierarchical.HierarchicalTestEngine.execute(HierarchicalTestEngine.java:58)
	at org.junit.platform.launcher.core.EngineExecutionOrchestrator.executeEngine(EngineExecutionOrchestrator.java:246)
	at org.junit.platform.launcher.core.EngineExecutionOrchestrator.failOrExecuteEngine(EngineExecutionOrchestrator.java:218)
	at org.junit.platform.launcher.core.EngineExecutionOrchestrator.execute(EngineExecutionOrchestrator.java:179)
	at org.junit.platform.launcher.core.EngineExecutionOrchestrator.execute(EngineExecutionOrchestrator.java:108)
	at org.junit.platform.launcher.core.EngineExecutionOrchestrator.lambda$execute$0(EngineExecutionOrchestrator.java:66)
	at org.junit.platform.launcher.core.EngineExecutionOrchestrator.withInterceptedStreams(EngineExecutionOrchestrator.java:157)
	at org.junit.platform.launcher.core.EngineExecutionOrchestrator.execute(EngineExecutionOrchestrator.java:65)
	at org.junit.platform.launcher.core.DefaultLauncher.execute(DefaultLauncher.java:125)
	at org.junit.platform.launcher.core.DefaultLauncher.execute(DefaultLauncher.java:114)
	at org.junit.platform.launcher.core.DefaultLauncher.execute(DefaultLauncher.java:93)
	at org.junit.platform.launcher.core.DelegatingLauncher.execute(DelegatingLauncher.java:48)
	at org.junit.platform.launcher.core.InterceptingLauncher.lambda$execute$0(InterceptingLauncher.java:41)
	at org.junit.platform.launcher.core.ClasspathAlignmentCheckingLauncherInterceptor.intercept(ClasspathAlignmentCheckingLauncherInterceptor.java:25)
	at org.junit.platform.launcher.core.InterceptingLauncher.execute(InterceptingLauncher.java:40)
	at org.junit.platform.launcher.core.DelegatingLauncher.execute(DelegatingLauncher.java:48)
	at org.gradle.api.internal.tasks.testing.junitplatform.JUnitPlatformTestClassProcessor$CollectAllTestClassesExecutor.processAllTestClasses(JUnitPlatformTestClassProcessor.java:135)
	at org.gradle.api.internal.tasks.testing.junitplatform.JUnitPlatformTestClassProcessor$CollectAllTestClassesExecutor.access$000(JUnitPlatformTestClassProcessor.java:110)
	at org.gradle.api.internal.tasks.testing.junitplatform.JUnitPlatformTestClassProcessor.stop(JUnitPlatformTestClassProcessor.java:104)
	at org.gradle.api.internal.tasks.testing.SuiteTestClassProcessor.stop(SuiteTestClassProcessor.java:64)
	at java.base/jdk.internal.reflect.DirectMethodHandleAccessor.invoke(DirectMethodHandleAccessor.java:104)
	at java.base/java.lang.reflect.Method.invoke(Method.java:565)
	at org.gradle.internal.dispatch.MethodInvocation.invokeOn(MethodInvocation.java:77)
	at org.gradle.internal.dispatch.ReflectionDispatch.dispatch(ReflectionDispatch.java:28)
	at org.gradle.internal.dispatch.ReflectionDispatch.dispatch(ReflectionDispatch.java:19)
	at org.gradle.internal.dispatch.ContextClassLoaderDispatch.dispatch(ContextClassLoaderDispatch.java:33)
	at org.gradle.internal.dispatch.ProxyDispatchAdapter$DispatchingInvocationHandler.invoke(ProxyDispatchAdapter.java:88)
	at jdk.proxy2/jdk.proxy2.$Proxy6.stop(Unknown Source)
	at org.gradle.api.internal.tasks.testing.worker.TestWorker$3.run(TestWorker.java:194)
	at org.gradle.api.internal.tasks.testing.worker.TestWorker.executeAndMaintainThreadName(TestWorker.java:126)
	at org.gradle.api.internal.tasks.testing.worker.TestWorker.execute(TestWorker.java:103)
	at org.gradle.api.internal.tasks.testing.worker.TestWorker.execute(TestWorker.java:63)
	at org.gradle.process.internal.worker.child.ActionExecutionWorker.execute(ActionExecutionWorker.java:56)
	at org.gradle.process.internal.worker.child.SystemApplicationClassLoaderWorker.call(SystemApplicationClassLoaderWorker.java:122)
	at org.gradle.process.internal.worker.child.SystemApplicationClassLoaderWorker.call(SystemApplicationClassLoaderWorker.java:72)
	at worker.org.gradle.process.internal.worker.GradleWorkerMain.run(GradleWorkerMain.java:69)
	at worker.org.gradle.process.internal.worker.GradleWorkerMain.main(GradleWorkerMain.java:74)
Caused by: java.util.zip.ZipException: zip END header not found
	at java.base/java.util.zip.ZipFile$Source.findEND(ZipFile.java:1693)
	at java.base/java.util.zip.ZipFile$Source.initCEN(ZipFile.java:1701)
	at java.base/java.util.zip.ZipFile$Source.&lt;init&gt;(ZipFile.java:1542)
	at java.base/java.util.zip.ZipFile$Source.get(ZipFile.java:1506)
	at java.base/java.util.zip.ZipFile$CleanableResource.&lt;init&gt;(ZipFile.java:704)
	at java.base/java.util.zip.ZipFile.&lt;init&gt;(ZipFile.java:204)
	at java.base/java.util.zip.ZipFile.&lt;init&gt;(ZipFile.java:150)
	at java.base/java.util.zip.ZipFile.&lt;init&gt;(ZipFile.java:164)
	at org.apache.felix.framework.util.SecureAction.openZipFile(SecureAction.java:802)
	at org.apache.felix.framework.util.WeakZipFileFactory$WeakZipFile.&lt;init&gt;(WeakZipFileFactory.java:169)
	at org.apache.felix.framework.util.WeakZipFileFactory$WeakZipFile.&lt;init&gt;(WeakZipFileFactory.java:151)
	at org.apache.felix.framework.util.WeakZipFileFactory.create(WeakZipFileFactory.java:78)
	at org.apache.felix.framework.cache.JarRevision.&lt;init&gt;(JarRevision.java:83)
	at org.apache.felix.framework.cache.BundleArchive.createRevisionFromLocation(BundleArchive.java:819)
	at org.apache.felix.framework.cache.BundleArchive.reviseInternal(BundleArchive.java:491)
	at org.apache.felix.framework.cache.BundleArchive.&lt;init&gt;(BundleArchive.java:155)
	at org.apache.felix.framework.cache.BundleCache.create(BundleCache.java:457)
	at org.apache.felix.framework.Felix.installBundle(Felix.java:3254)
	... 131 common frames omitted
2026-01-06 10:37:58 [Test worker] DEBUG c.a.c.p.r.scanner.PluginScanner - Found plugin JAR: lifecycle-plugin-1.0.0.jar
2026-01-06 10:37:58 [Test worker] INFO  c.a.c.p.r.osgi.OSGiPluginManager - Installing plugin bundle: /Users/jrjohn/Documents/projects/arcana-cloud-springboot/plugins/lifecycle-plugin-1.0.0.jar
2026-01-06 10:37:58 [Test worker] ERROR c.a.c.p.r.scanner.PluginScanner - Failed to install plugin: lifecycle-plugin-1.0.0.jar
org.osgi.framework.BundleException: Unable to cache bundle: file:///Users/jrjohn/Documents/projects/arcana-cloud-springboot/plugins/lifecycle-plugin-1.0.0.jar
	at org.apache.felix.framework.Felix.installBundle(Felix.java:3258)
	at org.apache.felix.framework.BundleContextImpl.installBundle(BundleContextImpl.java:147)
	at org.apache.felix.framework.BundleContextImpl.installBundle(BundleContextImpl.java:120)
	at com.arcana.cloud.plugin.runtime.osgi.OSGiPluginManager.installPlugin(OSGiPluginManager.java:78)
	at com.arcana.cloud.plugin.runtime.scanner.PluginScanner.scanAndInstall(PluginScanner.java:63)
	at com.arcana.cloud.plugin.runtime.PluginManager.initialize(PluginManager.java:105)
	at java.base/jdk.internal.reflect.DirectMethodHandleAccessor.invoke(DirectMethodHandleAccessor.java:104)
	at java.base/java.lang.reflect.Method.invoke(Method.java:565)
	at org.springframework.beans.factory.annotation.InitDestroyAnnotationBeanPostProcessor$LifecycleMethod.invoke(InitDestroyAnnotationBeanPostProcessor.java:453)
	at org.springframework.beans.factory.annotation.InitDestroyAnnotationBeanPostProcessor$LifecycleMetadata.invokeInitMethods(InitDestroyAnnotationBeanPostProcessor.java:397)
	at org.springframework.beans.factory.annotation.InitDestroyAnnotationBeanPostProcessor.postProcessBeforeInitialization(InitDestroyAnnotationBeanPostProcessor.java:217)
	at org.springframework.beans.factory.support.AbstractAutowireCapableBeanFactory.applyBeanPostProcessorsBeforeInitialization(AbstractAutowireCapableBeanFactory.java:426)
	at org.springframework.beans.factory.support.AbstractAutowireCapableBeanFactory.initializeBean(AbstractAutowireCapableBeanFactory.java:1809)
	at org.springframework.beans.factory.support.AbstractAutowireCapableBeanFactory.doCreateBean(AbstractAutowireCapableBeanFactory.java:603)
	at org.springframework.beans.factory.support.AbstractAutowireCapableBeanFactory.createBean(AbstractAutowireCapableBeanFactory.java:525)
	at org.springframework.beans.factory.support.AbstractBeanFactory.lambda$doGetBean$0(AbstractBeanFactory.java:333)
	at org.springframework.beans.factory.support.DefaultSingletonBeanRegistry.getSingleton(DefaultSingletonBeanRegistry.java:371)
	at org.springframework.beans.factory.support.AbstractBeanFactory.doGetBean(AbstractBeanFactory.java:331)
	at org.springframework.beans.factory.support.AbstractBeanFactory.getBean(AbstractBeanFactory.java:196)
	at org.springframework.beans.factory.support.DefaultListableBeanFactory.instantiateSingleton(DefaultListableBeanFactory.java:1218)
	at org.springframework.beans.factory.support.DefaultListableBeanFactory.preInstantiateSingleton(DefaultListableBeanFactory.java:1184)
	at org.springframework.beans.factory.support.DefaultListableBeanFactory.preInstantiateSingletons(DefaultListableBeanFactory.java:1121)
	at org.springframework.context.support.AbstractApplicationContext.finishBeanFactoryInitialization(AbstractApplicationContext.java:993)
	at org.springframework.context.support.AbstractApplicationContext.refresh(AbstractApplicationContext.java:620)
	at org.springframework.boot.SpringApplication.refresh(SpringApplication.java:756)
	at org.springframework.boot.SpringApplication.refreshContext(SpringApplication.java:445)
	at org.springframework.boot.SpringApplication.run(SpringApplication.java:321)
	at org.springframework.boot.test.context.SpringBootContextLoader.lambda$loadContext$2(SpringBootContextLoader.java:156)
	at org.springframework.util.function.ThrowingSupplier.get(ThrowingSupplier.java:58)
	at org.springframework.util.function.ThrowingSupplier.get(ThrowingSupplier.java:46)
	at org.springframework.boot.SpringApplication.withHook(SpringApplication.java:1465)
	at org.springframework.boot.test.context.SpringBootContextLoader$ContextLoaderHook.run(SpringBootContextLoader.java:605)
	at org.springframework.boot.test.context.SpringBootContextLoader.loadContext(SpringBootContextLoader.java:156)
	at org.springframework.boot.test.context.SpringBootContextLoader.loadContext(SpringBootContextLoader.java:115)
	at org.springframework.test.context.cache.DefaultCacheAwareContextLoaderDelegate.loadContextInternal(DefaultCacheAwareContextLoaderDelegate.java:247)
	at org.springframework.test.context.cache.DefaultCacheAwareContextLoaderDelegate.lambda$loadContext$0(DefaultCacheAwareContextLoaderDelegate.java:167)
	at org.springframework.test.context.cache.DefaultContextCache.put(DefaultContextCache.java:172)
	at org.springframework.test.context.cache.DefaultCacheAwareContextLoaderDelegate.loadContext(DefaultCacheAwareContextLoaderDelegate.java:160)
	at org.springframework.test.context.support.DefaultTestContext.getApplicationContext(DefaultTestContext.java:128)
	at org.springframework.test.context.web.ServletTestExecutionListener.setUpRequestContextIfNecessary(ServletTestExecutionListener.java:200)
	at org.springframework.test.context.web.ServletTestExecutionListener.prepareTestInstance(ServletTestExecutionListener.java:139)
	at org.springframework.test.context.TestContextManager.prepareTestInstance(TestContextManager.java:260)
	at org.springframework.test.context.junit.jupiter.SpringExtension.postProcessTestInstance(SpringExtension.java:205)
	at org.junit.jupiter.engine.descriptor.ClassBasedTestDescriptor.lambda$invokeTestInstancePostProcessors$1(ClassBasedTestDescriptor.java:423)
	at org.junit.jupiter.engine.descriptor.ClassBasedTestDescriptor.executeAndMaskThrowable(ClassBasedTestDescriptor.java:428)
	at org.junit.jupiter.engine.descriptor.ClassBasedTestDescriptor.lambda$invokeTestInstancePostProcessors$0(ClassBasedTestDescriptor.java:422)
	at java.base/java.util.stream.ForEachOps$ForEachOp$OfRef.accept(ForEachOps.java:186)
	at java.base/java.util.stream.ReferencePipeline$3$1.accept(ReferencePipeline.java:214)
	at java.base/java.util.stream.ReferencePipeline$2$1.accept(ReferencePipeline.java:197)
	at java.base/java.util.stream.ReferencePipeline$3$1.accept(ReferencePipeline.java:214)
	at java.base/java.util.ArrayList$ArrayListSpliterator.forEachRemaining(ArrayList.java:1716)
	at java.base/java.util.stream.AbstractPipeline.copyInto(AbstractPipeline.java:570)
	at java.base/java.util.stream.AbstractPipeline.wrapAndCopyInto(AbstractPipeline.java:560)
	at java.base/java.util.stream.ForEachOps$ForEachOp.evaluateSequential(ForEachOps.java:153)
	at java.base/java.util.stream.ForEachOps$ForEachOp$OfRef.evaluateSequential(ForEachOps.java:176)
	at java.base/java.util.stream.AbstractPipeline.evaluate(AbstractPipeline.java:265)
	at java.base/java.util.stream.ReferencePipeline.forEach(ReferencePipeline.java:632)
	at org.junit.jupiter.engine.descriptor.ClassBasedTestDescriptor.invokeTestInstancePostProcessors(ClassBasedTestDescriptor.java:422)
	at org.junit.jupiter.engine.descriptor.ClassBasedTestDescriptor.lambda$instantiateAndPostProcessTestInstance$0(ClassBasedTestDescriptor.java:334)
	at org.junit.platform.engine.support.hierarchical.ThrowableCollector.execute(ThrowableCollector.java:74)
	at org.junit.jupiter.engine.descriptor.ClassBasedTestDescriptor.instantiateAndPostProcessTestInstance(ClassBasedTestDescriptor.java:333)
	at org.junit.jupiter.engine.descriptor.ClassBasedTestDescriptor.lambda$testInstancesProvider$1(ClassBasedTestDescriptor.java:322)
	at java.base/java.util.Optional.orElseGet(Optional.java:364)
	at org.junit.jupiter.engine.descriptor.ClassBasedTestDescriptor.lambda$testInstancesProvider$0(ClassBasedTestDescriptor.java:321)
	at org.junit.jupiter.engine.execution.TestInstancesProvider.getTestInstances(TestInstancesProvider.java:27)
	at org.junit.jupiter.engine.descriptor.TestMethodTestDescriptor.lambda$prepare$0(TestMethodTestDescriptor.java:127)
	at org.junit.platform.engine.support.hierarchical.ThrowableCollector.execute(ThrowableCollector.java:74)
	at org.junit.jupiter.engine.descriptor.TestMethodTestDescriptor.prepare(TestMethodTestDescriptor.java:126)
	at org.junit.jupiter.engine.descriptor.TestMethodTestDescriptor.prepare(TestMethodTestDescriptor.java:70)
	at org.junit.platform.engine.support.hierarchical.NodeTestTask.lambda$prepare$0(NodeTestTask.java:144)
	at org.junit.platform.engine.support.hierarchical.ThrowableCollector.execute(ThrowableCollector.java:74)
	at org.junit.platform.engine.support.hierarchical.NodeTestTask.prepare(NodeTestTask.java:144)
	at org.junit.platform.engine.support.hierarchical.NodeTestTask.execute(NodeTestTask.java:110)
	at java.base/java.util.ArrayList.forEach(ArrayList.java:1604)
	at org.junit.platform.engine.support.hierarchical.SameThreadHierarchicalTestExecutorService.invokeAll(SameThreadHierarchicalTestExecutorService.java:42)
	at org.junit.platform.engine.support.hierarchical.NodeTestTask.lambda$executeRecursively$2(NodeTestTask.java:180)
	at org.junit.platform.engine.support.hierarchical.ThrowableCollector.execute(ThrowableCollector.java:74)
	at org.junit.platform.engine.support.hierarchical.NodeTestTask.lambda$executeRecursively$1(NodeTestTask.java:166)
	at org.junit.platform.engine.support.hierarchical.Node.around(Node.java:138)
	at org.junit.platform.engine.support.hierarchical.NodeTestTask.lambda$executeRecursively$0(NodeTestTask.java:164)
	at org.junit.platform.engine.support.hierarchical.ThrowableCollector.execute(ThrowableCollector.java:74)
	at org.junit.platform.engine.support.hierarchical.NodeTestTask.executeRecursively(NodeTestTask.java:163)
	at org.junit.platform.engine.support.hierarchical.NodeTestTask.execute(NodeTestTask.java:116)
	at java.base/java.util.ArrayList.forEach(ArrayList.java:1604)
	at org.junit.platform.engine.support.hierarchical.SameThreadHierarchicalTestExecutorService.invokeAll(SameThreadHierarchicalTestExecutorService.java:42)
	at org.junit.platform.engine.support.hierarchical.NodeTestTask.lambda$executeRecursively$2(NodeTestTask.java:180)
	at org.junit.platform.engine.support.hierarchical.ThrowableCollector.execute(ThrowableCollector.java:74)
	at org.junit.platform.engine.support.hierarchical.NodeTestTask.lambda$executeRecursively$1(NodeTestTask.java:166)
	at org.junit.platform.engine.support.hierarchical.Node.around(Node.java:138)
	at org.junit.platform.engine.support.hierarchical.NodeTestTask.lambda$executeRecursively$0(NodeTestTask.java:164)
	at org.junit.platform.engine.support.hierarchical.ThrowableCollector.execute(ThrowableCollector.java:74)
	at org.junit.platform.engine.support.hierarchical.NodeTestTask.executeRecursively(NodeTestTask.java:163)
	at org.junit.platform.engine.support.hierarchical.NodeTestTask.execute(NodeTestTask.java:116)
	at org.junit.platform.engine.support.hierarchical.SameThreadHierarchicalTestExecutorService.submit(SameThreadHierarchicalTestExecutorService.java:36)
	at org.junit.platform.engine.support.hierarchical.HierarchicalTestExecutor.execute(HierarchicalTestExecutor.java:52)
	at org.junit.platform.engine.support.hierarchical.HierarchicalTestEngine.execute(HierarchicalTestEngine.java:58)
	at org.junit.platform.launcher.core.EngineExecutionOrchestrator.executeEngine(EngineExecutionOrchestrator.java:246)
	at org.junit.platform.launcher.core.EngineExecutionOrchestrator.failOrExecuteEngine(EngineExecutionOrchestrator.java:218)
	at org.junit.platform.launcher.core.EngineExecutionOrchestrator.execute(EngineExecutionOrchestrator.java:179)
	at org.junit.platform.launcher.core.EngineExecutionOrchestrator.execute(EngineExecutionOrchestrator.java:108)
	at org.junit.platform.launcher.core.EngineExecutionOrchestrator.lambda$execute$0(EngineExecutionOrchestrator.java:66)
	at org.junit.platform.launcher.core.EngineExecutionOrchestrator.withInterceptedStreams(EngineExecutionOrchestrator.java:157)
	at org.junit.platform.launcher.core.EngineExecutionOrchestrator.execute(EngineExecutionOrchestrator.java:65)
	at org.junit.platform.launcher.core.DefaultLauncher.execute(DefaultLauncher.java:125)
	at org.junit.platform.launcher.core.DefaultLauncher.execute(DefaultLauncher.java:114)
	at org.junit.platform.launcher.core.DefaultLauncher.execute(DefaultLauncher.java:93)
	at org.junit.platform.launcher.core.DelegatingLauncher.execute(DelegatingLauncher.java:48)
	at org.junit.platform.launcher.core.InterceptingLauncher.lambda$execute$0(InterceptingLauncher.java:41)
	at org.junit.platform.launcher.core.ClasspathAlignmentCheckingLauncherInterceptor.intercept(ClasspathAlignmentCheckingLauncherInterceptor.java:25)
	at org.junit.platform.launcher.core.InterceptingLauncher.execute(InterceptingLauncher.java:40)
	at org.junit.platform.launcher.core.DelegatingLauncher.execute(DelegatingLauncher.java:48)
	at org.gradle.api.internal.tasks.testing.junitplatform.JUnitPlatformTestClassProcessor$CollectAllTestClassesExecutor.processAllTestClasses(JUnitPlatformTestClassProcessor.java:135)
	at org.gradle.api.internal.tasks.testing.junitplatform.JUnitPlatformTestClassProcessor$CollectAllTestClassesExecutor.access$000(JUnitPlatformTestClassProcessor.java:110)
	at org.gradle.api.internal.tasks.testing.junitplatform.JUnitPlatformTestClassProcessor.stop(JUnitPlatformTestClassProcessor.java:104)
	at org.gradle.api.internal.tasks.testing.SuiteTestClassProcessor.stop(SuiteTestClassProcessor.java:64)
	at java.base/jdk.internal.reflect.DirectMethodHandleAccessor.invoke(DirectMethodHandleAccessor.java:104)
	at java.base/java.lang.reflect.Method.invoke(Method.java:565)
	at org.gradle.internal.dispatch.MethodInvocation.invokeOn(MethodInvocation.java:77)
	at org.gradle.internal.dispatch.ReflectionDispatch.dispatch(ReflectionDispatch.java:28)
	at org.gradle.internal.dispatch.ReflectionDispatch.dispatch(ReflectionDispatch.java:19)
	at org.gradle.internal.dispatch.ContextClassLoaderDispatch.dispatch(ContextClassLoaderDispatch.java:33)
	at org.gradle.internal.dispatch.ProxyDispatchAdapter$DispatchingInvocationHandler.invoke(ProxyDispatchAdapter.java:88)
	at jdk.proxy2/jdk.proxy2.$Proxy6.stop(Unknown Source)
	at org.gradle.api.internal.tasks.testing.worker.TestWorker$3.run(TestWorker.java:194)
	at org.gradle.api.internal.tasks.testing.worker.TestWorker.executeAndMaintainThreadName(TestWorker.java:126)
	at org.gradle.api.internal.tasks.testing.worker.TestWorker.execute(TestWorker.java:103)
	at org.gradle.api.internal.tasks.testing.worker.TestWorker.execute(TestWorker.java:63)
	at org.gradle.process.internal.worker.child.ActionExecutionWorker.execute(ActionExecutionWorker.java:56)
	at org.gradle.process.internal.worker.child.SystemApplicationClassLoaderWorker.call(SystemApplicationClassLoaderWorker.java:122)
	at org.gradle.process.internal.worker.child.SystemApplicationClassLoaderWorker.call(SystemApplicationClassLoaderWorker.java:72)
	at worker.org.gradle.process.internal.worker.GradleWorkerMain.run(GradleWorkerMain.java:69)
	at worker.org.gradle.process.internal.worker.GradleWorkerMain.main(GradleWorkerMain.java:74)
Caused by: java.util.zip.ZipException: zip END header not found
	at java.base/java.util.zip.ZipFile$Source.findEND(ZipFile.java:1693)
	at java.base/java.util.zip.ZipFile$Source.initCEN(ZipFile.java:1701)
	at java.base/java.util.zip.ZipFile$Source.&lt;init&gt;(ZipFile.java:1542)
	at java.base/java.util.zip.ZipFile$Source.get(ZipFile.java:1506)
	at java.base/java.util.zip.ZipFile$CleanableResource.&lt;init&gt;(ZipFile.java:704)
	at java.base/java.util.zip.ZipFile.&lt;init&gt;(ZipFile.java:204)
	at java.base/java.util.zip.ZipFile.&lt;init&gt;(ZipFile.java:150)
	at java.base/java.util.zip.ZipFile.&lt;init&gt;(ZipFile.java:164)
	at org.apache.felix.framework.util.SecureAction.openZipFile(SecureAction.java:802)
	at org.apache.felix.framework.util.WeakZipFileFactory$WeakZipFile.&lt;init&gt;(WeakZipFileFactory.java:169)
	at org.apache.felix.framework.util.WeakZipFileFactory$WeakZipFile.&lt;init&gt;(WeakZipFileFactory.java:151)
	at org.apache.felix.framework.util.WeakZipFileFactory.create(WeakZipFileFactory.java:78)
	at org.apache.felix.framework.cache.JarRevision.&lt;init&gt;(JarRevision.java:83)
	at org.apache.felix.framework.cache.BundleArchive.createRevisionFromLocation(BundleArchive.java:819)
	at org.apache.felix.framework.cache.BundleArchive.reviseInternal(BundleArchive.java:491)
	at org.apache.felix.framework.cache.BundleArchive.&lt;init&gt;(BundleArchive.java:155)
	at org.apache.felix.framework.cache.BundleCache.create(BundleCache.java:457)
	at org.apache.felix.framework.Felix.installBundle(Felix.java:3254)
	... 131 common frames omitted
2026-01-06 10:37:58 [Test worker] DEBUG c.a.c.p.r.scanner.PluginScanner - Found plugin JAR: test-plugin-1.0.0.jar
2026-01-06 10:37:58 [Test worker] INFO  c.a.c.p.r.osgi.OSGiPluginManager - Installing plugin bundle: /Users/jrjohn/Documents/projects/arcana-cloud-springboot/plugins/test-plugin-1.0.0.jar
2026-01-06 10:37:58 [Test worker] ERROR c.a.c.p.r.scanner.PluginScanner - Failed to install plugin: test-plugin-1.0.0.jar
org.osgi.framework.BundleException: Unable to cache bundle: file:///Users/jrjohn/Documents/projects/arcana-cloud-springboot/plugins/test-plugin-1.0.0.jar
	at org.apache.felix.framework.Felix.installBundle(Felix.java:3258)
	at org.apache.felix.framework.BundleContextImpl.installBundle(BundleContextImpl.java:147)
	at org.apache.felix.framework.BundleContextImpl.installBundle(BundleContextImpl.java:120)
	at com.arcana.cloud.plugin.runtime.osgi.OSGiPluginManager.installPlugin(OSGiPluginManager.java:78)
	at com.arcana.cloud.plugin.runtime.scanner.PluginScanner.scanAndInstall(PluginScanner.java:63)
	at com.arcana.cloud.plugin.runtime.PluginManager.initialize(PluginManager.java:105)
	at java.base/jdk.internal.reflect.DirectMethodHandleAccessor.invoke(DirectMethodHandleAccessor.java:104)
	at java.base/java.lang.reflect.Method.invoke(Method.java:565)
	at org.springframework.beans.factory.annotation.InitDestroyAnnotationBeanPostProcessor$LifecycleMethod.invoke(InitDestroyAnnotationBeanPostProcessor.java:453)
	at org.springframework.beans.factory.annotation.InitDestroyAnnotationBeanPostProcessor$LifecycleMetadata.invokeInitMethods(InitDestroyAnnotationBeanPostProcessor.java:397)
	at org.springframework.beans.factory.annotation.InitDestroyAnnotationBeanPostProcessor.postProcessBeforeInitialization(InitDestroyAnnotationBeanPostProcessor.java:217)
	at org.springframework.beans.factory.support.AbstractAutowireCapableBeanFactory.applyBeanPostProcessorsBeforeInitialization(AbstractAutowireCapableBeanFactory.java:426)
	at org.springframework.beans.factory.support.AbstractAutowireCapableBeanFactory.initializeBean(AbstractAutowireCapableBeanFactory.java:1809)
	at org.springframework.beans.factory.support.AbstractAutowireCapableBeanFactory.doCreateBean(AbstractAutowireCapableBeanFactory.java:603)
	at org.springframework.beans.factory.support.AbstractAutowireCapableBeanFactory.createBean(AbstractAutowireCapableBeanFactory.java:525)
	at org.springframework.beans.factory.support.AbstractBeanFactory.lambda$doGetBean$0(AbstractBeanFactory.java:333)
	at org.springframework.beans.factory.support.DefaultSingletonBeanRegistry.getSingleton(DefaultSingletonBeanRegistry.java:371)
	at org.springframework.beans.factory.support.AbstractBeanFactory.doGetBean(AbstractBeanFactory.java:331)
	at org.springframework.beans.factory.support.AbstractBeanFactory.getBean(AbstractBeanFactory.java:196)
	at org.springframework.beans.factory.support.DefaultListableBeanFactory.instantiateSingleton(DefaultListableBeanFactory.java:1218)
	at org.springframework.beans.factory.support.DefaultListableBeanFactory.preInstantiateSingleton(DefaultListableBeanFactory.java:1184)
	at org.springframework.beans.factory.support.DefaultListableBeanFactory.preInstantiateSingletons(DefaultListableBeanFactory.java:1121)
	at org.springframework.context.support.AbstractApplicationContext.finishBeanFactoryInitialization(AbstractApplicationContext.java:993)
	at org.springframework.context.support.AbstractApplicationContext.refresh(AbstractApplicationContext.java:620)
	at org.springframework.boot.SpringApplication.refresh(SpringApplication.java:756)
	at org.springframework.boot.SpringApplication.refreshContext(SpringApplication.java:445)
	at org.springframework.boot.SpringApplication.run(SpringApplication.java:321)
	at org.springframework.boot.test.context.SpringBootContextLoader.lambda$loadContext$2(SpringBootContextLoader.java:156)
	at org.springframework.util.function.ThrowingSupplier.get(ThrowingSupplier.java:58)
	at org.springframework.util.function.ThrowingSupplier.get(ThrowingSupplier.java:46)
	at org.springframework.boot.SpringApplication.withHook(SpringApplication.java:1465)
	at org.springframework.boot.test.context.SpringBootContextLoader$ContextLoaderHook.run(SpringBootContextLoader.java:605)
	at org.springframework.boot.test.context.SpringBootContextLoader.loadContext(SpringBootContextLoader.java:156)
	at org.springframework.boot.test.context.SpringBootContextLoader.loadContext(SpringBootContextLoader.java:115)
	at org.springframework.test.context.cache.DefaultCacheAwareContextLoaderDelegate.loadContextInternal(DefaultCacheAwareContextLoaderDelegate.java:247)
	at org.springframework.test.context.cache.DefaultCacheAwareContextLoaderDelegate.lambda$loadContext$0(DefaultCacheAwareContextLoaderDelegate.java:167)
	at org.springframework.test.context.cache.DefaultContextCache.put(DefaultContextCache.java:172)
	at org.springframework.test.context.cache.DefaultCacheAwareContextLoaderDelegate.loadContext(DefaultCacheAwareContextLoaderDelegate.java:160)
	at org.springframework.test.context.support.DefaultTestContext.getApplicationContext(DefaultTestContext.java:128)
	at org.springframework.test.context.web.ServletTestExecutionListener.setUpRequestContextIfNecessary(ServletTestExecutionListener.java:200)
	at org.springframework.test.context.web.ServletTestExecutionListener.prepareTestInstance(ServletTestExecutionListener.java:139)
	at org.springframework.test.context.TestContextManager.prepareTestInstance(TestContextManager.java:260)
	at org.springframework.test.context.junit.jupiter.SpringExtension.postProcessTestInstance(SpringExtension.java:205)
	at org.junit.jupiter.engine.descriptor.ClassBasedTestDescriptor.lambda$invokeTestInstancePostProcessors$1(ClassBasedTestDescriptor.java:423)
	at org.junit.jupiter.engine.descriptor.ClassBasedTestDescriptor.executeAndMaskThrowable(ClassBasedTestDescriptor.java:428)
	at org.junit.jupiter.engine.descriptor.ClassBasedTestDescriptor.lambda$invokeTestInstancePostProcessors$0(ClassBasedTestDescriptor.java:422)
	at java.base/java.util.stream.ForEachOps$ForEachOp$OfRef.accept(ForEachOps.java:186)
	at java.base/java.util.stream.ReferencePipeline$3$1.accept(ReferencePipeline.java:214)
	at java.base/java.util.stream.ReferencePipeline$2$1.accept(ReferencePipeline.java:197)
	at java.base/java.util.stream.ReferencePipeline$3$1.accept(ReferencePipeline.java:214)
	at java.base/java.util.ArrayList$ArrayListSpliterator.forEachRemaining(ArrayList.java:1716)
	at java.base/java.util.stream.AbstractPipeline.copyInto(AbstractPipeline.java:570)
	at java.base/java.util.stream.AbstractPipeline.wrapAndCopyInto(AbstractPipeline.java:560)
	at java.base/java.util.stream.ForEachOps$ForEachOp.evaluateSequential(ForEachOps.java:153)
	at java.base/java.util.stream.ForEachOps$ForEachOp$OfRef.evaluateSequential(ForEachOps.java:176)
	at java.base/java.util.stream.AbstractPipeline.evaluate(AbstractPipeline.java:265)
	at java.base/java.util.stream.ReferencePipeline.forEach(ReferencePipeline.java:632)
	at org.junit.jupiter.engine.descriptor.ClassBasedTestDescriptor.invokeTestInstancePostProcessors(ClassBasedTestDescriptor.java:422)
	at org.junit.jupiter.engine.descriptor.ClassBasedTestDescriptor.lambda$instantiateAndPostProcessTestInstance$0(ClassBasedTestDescriptor.java:334)
	at org.junit.platform.engine.support.hierarchical.ThrowableCollector.execute(ThrowableCollector.java:74)
	at org.junit.jupiter.engine.descriptor.ClassBasedTestDescriptor.instantiateAndPostProcessTestInstance(ClassBasedTestDescriptor.java:333)
	at org.junit.jupiter.engine.descriptor.ClassBasedTestDescriptor.lambda$testInstancesProvider$1(ClassBasedTestDescriptor.java:322)
	at java.base/java.util.Optional.orElseGet(Optional.java:364)
	at org.junit.jupiter.engine.descriptor.ClassBasedTestDescriptor.lambda$testInstancesProvider$0(ClassBasedTestDescriptor.java:321)
	at org.junit.jupiter.engine.execution.TestInstancesProvider.getTestInstances(TestInstancesProvider.java:27)
	at org.junit.jupiter.engine.descriptor.TestMethodTestDescriptor.lambda$prepare$0(TestMethodTestDescriptor.java:127)
	at org.junit.platform.engine.support.hierarchical.ThrowableCollector.execute(ThrowableCollector.java:74)
	at org.junit.jupiter.engine.descriptor.TestMethodTestDescriptor.prepare(TestMethodTestDescriptor.java:126)
	at org.junit.jupiter.engine.descriptor.TestMethodTestDescriptor.prepare(TestMethodTestDescriptor.java:70)
	at org.junit.platform.engine.support.hierarchical.NodeTestTask.lambda$prepare$0(NodeTestTask.java:144)
	at org.junit.platform.engine.support.hierarchical.ThrowableCollector.execute(ThrowableCollector.java:74)
	at org.junit.platform.engine.support.hierarchical.NodeTestTask.prepare(NodeTestTask.java:144)
	at org.junit.platform.engine.support.hierarchical.NodeTestTask.execute(NodeTestTask.java:110)
	at java.base/java.util.ArrayList.forEach(ArrayList.java:1604)
	at org.junit.platform.engine.support.hierarchical.SameThreadHierarchicalTestExecutorService.invokeAll(SameThreadHierarchicalTestExecutorService.java:42)
	at org.junit.platform.engine.support.hierarchical.NodeTestTask.lambda$executeRecursively$2(NodeTestTask.java:180)
	at org.junit.platform.engine.support.hierarchical.ThrowableCollector.execute(ThrowableCollector.java:74)
	at org.junit.platform.engine.support.hierarchical.NodeTestTask.lambda$executeRecursively$1(NodeTestTask.java:166)
	at org.junit.platform.engine.support.hierarchical.Node.around(Node.java:138)
	at org.junit.platform.engine.support.hierarchical.NodeTestTask.lambda$executeRecursively$0(NodeTestTask.java:164)
	at org.junit.platform.engine.support.hierarchical.ThrowableCollector.execute(ThrowableCollector.java:74)
	at org.junit.platform.engine.support.hierarchical.NodeTestTask.executeRecursively(NodeTestTask.java:163)
	at org.junit.platform.engine.support.hierarchical.NodeTestTask.execute(NodeTestTask.java:116)
	at java.base/java.util.ArrayList.forEach(ArrayList.java:1604)
	at org.junit.platform.engine.support.hierarchical.SameThreadHierarchicalTestExecutorService.invokeAll(SameThreadHierarchicalTestExecutorService.java:42)
	at org.junit.platform.engine.support.hierarchical.NodeTestTask.lambda$executeRecursively$2(NodeTestTask.java:180)
	at org.junit.platform.engine.support.hierarchical.ThrowableCollector.execute(ThrowableCollector.java:74)
	at org.junit.platform.engine.support.hierarchical.NodeTestTask.lambda$executeRecursively$1(NodeTestTask.java:166)
	at org.junit.platform.engine.support.hierarchical.Node.around(Node.java:138)
	at org.junit.platform.engine.support.hierarchical.NodeTestTask.lambda$executeRecursively$0(NodeTestTask.java:164)
	at org.junit.platform.engine.support.hierarchical.ThrowableCollector.execute(ThrowableCollector.java:74)
	at org.junit.platform.engine.support.hierarchical.NodeTestTask.executeRecursively(NodeTestTask.java:163)
	at org.junit.platform.engine.support.hierarchical.NodeTestTask.execute(NodeTestTask.java:116)
	at org.junit.platform.engine.support.hierarchical.SameThreadHierarchicalTestExecutorService.submit(SameThreadHierarchicalTestExecutorService.java:36)
	at org.junit.platform.engine.support.hierarchical.HierarchicalTestExecutor.execute(HierarchicalTestExecutor.java:52)
	at org.junit.platform.engine.support.hierarchical.HierarchicalTestEngine.execute(HierarchicalTestEngine.java:58)
	at org.junit.platform.launcher.core.EngineExecutionOrchestrator.executeEngine(EngineExecutionOrchestrator.java:246)
	at org.junit.platform.launcher.core.EngineExecutionOrchestrator.failOrExecuteEngine(EngineExecutionOrchestrator.java:218)
	at org.junit.platform.launcher.core.EngineExecutionOrchestrator.execute(EngineExecutionOrchestrator.java:179)
	at org.junit.platform.launcher.core.EngineExecutionOrchestrator.execute(EngineExecutionOrchestrator.java:108)
	at org.junit.platform.launcher.core.EngineExecutionOrchestrator.lambda$execute$0(EngineExecutionOrchestrator.java:66)
	at org.junit.platform.launcher.core.EngineExecutionOrchestrator.withInterceptedStreams(EngineExecutionOrchestrator.java:157)
	at org.junit.platform.launcher.core.EngineExecutionOrchestrator.execute(EngineExecutionOrchestrator.java:65)
	at org.junit.platform.launcher.core.DefaultLauncher.execute(DefaultLauncher.java:125)
	at org.junit.platform.launcher.core.DefaultLauncher.execute(DefaultLauncher.java:114)
	at org.junit.platform.launcher.core.DefaultLauncher.execute(DefaultLauncher.java:93)
	at org.junit.platform.launcher.core.DelegatingLauncher.execute(DelegatingLauncher.java:48)
	at org.junit.platform.launcher.core.InterceptingLauncher.lambda$execute$0(InterceptingLauncher.java:41)
	at org.junit.platform.launcher.core.ClasspathAlignmentCheckingLauncherInterceptor.intercept(ClasspathAlignmentCheckingLauncherInterceptor.java:25)
	at org.junit.platform.launcher.core.InterceptingLauncher.execute(InterceptingLauncher.java:40)
	at org.junit.platform.launcher.core.DelegatingLauncher.execute(DelegatingLauncher.java:48)
	at org.gradle.api.internal.tasks.testing.junitplatform.JUnitPlatformTestClassProcessor$CollectAllTestClassesExecutor.processAllTestClasses(JUnitPlatformTestClassProcessor.java:135)
	at org.gradle.api.internal.tasks.testing.junitplatform.JUnitPlatformTestClassProcessor$CollectAllTestClassesExecutor.access$000(JUnitPlatformTestClassProcessor.java:110)
	at org.gradle.api.internal.tasks.testing.junitplatform.JUnitPlatformTestClassProcessor.stop(JUnitPlatformTestClassProcessor.java:104)
	at org.gradle.api.internal.tasks.testing.SuiteTestClassProcessor.stop(SuiteTestClassProcessor.java:64)
	at java.base/jdk.internal.reflect.DirectMethodHandleAccessor.invoke(DirectMethodHandleAccessor.java:104)
	at java.base/java.lang.reflect.Method.invoke(Method.java:565)
	at org.gradle.internal.dispatch.MethodInvocation.invokeOn(MethodInvocation.java:77)
	at org.gradle.internal.dispatch.ReflectionDispatch.dispatch(ReflectionDispatch.java:28)
	at org.gradle.internal.dispatch.ReflectionDispatch.dispatch(ReflectionDispatch.java:19)
	at org.gradle.internal.dispatch.ContextClassLoaderDispatch.dispatch(ContextClassLoaderDispatch.java:33)
	at org.gradle.internal.dispatch.ProxyDispatchAdapter$DispatchingInvocationHandler.invoke(ProxyDispatchAdapter.java:88)
	at jdk.proxy2/jdk.proxy2.$Proxy6.stop(Unknown Source)
	at org.gradle.api.internal.tasks.testing.worker.TestWorker$3.run(TestWorker.java:194)
	at org.gradle.api.internal.tasks.testing.worker.TestWorker.executeAndMaintainThreadName(TestWorker.java:126)
	at org.gradle.api.internal.tasks.testing.worker.TestWorker.execute(TestWorker.java:103)
	at org.gradle.api.internal.tasks.testing.worker.TestWorker.execute(TestWorker.java:63)
	at org.gradle.process.internal.worker.child.ActionExecutionWorker.execute(ActionExecutionWorker.java:56)
	at org.gradle.process.internal.worker.child.SystemApplicationClassLoaderWorker.call(SystemApplicationClassLoaderWorker.java:122)
	at org.gradle.process.internal.worker.child.SystemApplicationClassLoaderWorker.call(SystemApplicationClassLoaderWorker.java:72)
	at worker.org.gradle.process.internal.worker.GradleWorkerMain.run(GradleWorkerMain.java:69)
	at worker.org.gradle.process.internal.worker.GradleWorkerMain.main(GradleWorkerMain.java:74)
Caused by: java.util.zip.ZipException: zip END header not found
	at java.base/java.util.zip.ZipFile$Source.findEND(ZipFile.java:1693)
	at java.base/java.util.zip.ZipFile$Source.initCEN(ZipFile.java:1701)
	at java.base/java.util.zip.ZipFile$Source.&lt;init&gt;(ZipFile.java:1542)
	at java.base/java.util.zip.ZipFile$Source.get(ZipFile.java:1506)
	at java.base/java.util.zip.ZipFile$CleanableResource.&lt;init&gt;(ZipFile.java:704)
	at java.base/java.util.zip.ZipFile.&lt;init&gt;(ZipFile.java:204)
	at java.base/java.util.zip.ZipFile.&lt;init&gt;(ZipFile.java:150)
	at java.base/java.util.zip.ZipFile.&lt;init&gt;(ZipFile.java:164)
	at org.apache.felix.framework.util.SecureAction.openZipFile(SecureAction.java:802)
	at org.apache.felix.framework.util.WeakZipFileFactory$WeakZipFile.&lt;init&gt;(WeakZipFileFactory.java:169)
	at org.apache.felix.framework.util.WeakZipFileFactory$WeakZipFile.&lt;init&gt;(WeakZipFileFactory.java:151)
	at org.apache.felix.framework.util.WeakZipFileFactory.create(WeakZipFileFactory.java:78)
	at org.apache.felix.framework.cache.JarRevision.&lt;init&gt;(JarRevision.java:83)
	at org.apache.felix.framework.cache.BundleArchive.createRevisionFromLocation(BundleArchive.java:819)
	at org.apache.felix.framework.cache.BundleArchive.reviseInternal(BundleArchive.java:491)
	at org.apache.felix.framework.cache.BundleArchive.&lt;init&gt;(BundleArchive.java:155)
	at org.apache.felix.framework.cache.BundleCache.create(BundleCache.java:457)
	at org.apache.felix.framework.Felix.installBundle(Felix.java:3254)
	... 131 common frames omitted
2026-01-06 10:37:58 [Test worker] DEBUG c.a.c.p.r.scanner.PluginScanner - Found plugin JAR: workflow-plugin-1.0.0.jar
2026-01-06 10:37:58 [Test worker] INFO  c.a.c.p.r.osgi.OSGiPluginManager - Installing plugin bundle: /Users/jrjohn/Documents/projects/arcana-cloud-springboot/plugins/workflow-plugin-1.0.0.jar
2026-01-06 10:37:58 [Test worker] ERROR c.a.c.p.r.scanner.PluginScanner - Failed to install plugin: workflow-plugin-1.0.0.jar
org.osgi.framework.BundleException: Unable to cache bundle: file:///Users/jrjohn/Documents/projects/arcana-cloud-springboot/plugins/workflow-plugin-1.0.0.jar
	at org.apache.felix.framework.Felix.installBundle(Felix.java:3258)
	at org.apache.felix.framework.BundleContextImpl.installBundle(BundleContextImpl.java:147)
	at org.apache.felix.framework.BundleContextImpl.installBundle(BundleContextImpl.java:120)
	at com.arcana.cloud.plugin.runtime.osgi.OSGiPluginManager.installPlugin(OSGiPluginManager.java:78)
	at com.arcana.cloud.plugin.runtime.scanner.PluginScanner.scanAndInstall(PluginScanner.java:63)
	at com.arcana.cloud.plugin.runtime.PluginManager.initialize(PluginManager.java:105)
	at java.base/jdk.internal.reflect.DirectMethodHandleAccessor.invoke(DirectMethodHandleAccessor.java:104)
	at java.base/java.lang.reflect.Method.invoke(Method.java:565)
	at org.springframework.beans.factory.annotation.InitDestroyAnnotationBeanPostProcessor$LifecycleMethod.invoke(InitDestroyAnnotationBeanPostProcessor.java:453)
	at org.springframework.beans.factory.annotation.InitDestroyAnnotationBeanPostProcessor$LifecycleMetadata.invokeInitMethods(InitDestroyAnnotationBeanPostProcessor.java:397)
	at org.springframework.beans.factory.annotation.InitDestroyAnnotationBeanPostProcessor.postProcessBeforeInitialization(InitDestroyAnnotationBeanPostProcessor.java:217)
	at org.springframework.beans.factory.support.AbstractAutowireCapableBeanFactory.applyBeanPostProcessorsBeforeInitialization(AbstractAutowireCapableBeanFactory.java:426)
	at org.springframework.beans.factory.support.AbstractAutowireCapableBeanFactory.initializeBean(AbstractAutowireCapableBeanFactory.java:1809)
	at org.springframework.beans.factory.support.AbstractAutowireCapableBeanFactory.doCreateBean(AbstractAutowireCapableBeanFactory.java:603)
	at org.springframework.beans.factory.support.AbstractAutowireCapableBeanFactory.createBean(AbstractAutowireCapableBeanFactory.java:525)
	at org.springframework.beans.factory.support.AbstractBeanFactory.lambda$doGetBean$0(AbstractBeanFactory.java:333)
	at org.springframework.beans.factory.support.DefaultSingletonBeanRegistry.getSingleton(DefaultSingletonBeanRegistry.java:371)
	at org.springframework.beans.factory.support.AbstractBeanFactory.doGetBean(AbstractBeanFactory.java:331)
	at org.springframework.beans.factory.support.AbstractBeanFactory.getBean(AbstractBeanFactory.java:196)
	at org.springframework.beans.factory.support.DefaultListableBeanFactory.instantiateSingleton(DefaultListableBeanFactory.java:1218)
	at org.springframework.beans.factory.support.DefaultListableBeanFactory.preInstantiateSingleton(DefaultListableBeanFactory.java:1184)
	at org.springframework.beans.factory.support.DefaultListableBeanFactory.preInstantiateSingletons(DefaultListableBeanFactory.java:1121)
	at org.springframework.context.support.AbstractApplicationContext.finishBeanFactoryInitialization(AbstractApplicationContext.java:993)
	at org.springframework.context.support.AbstractApplicationContext.refresh(AbstractApplicationContext.java:620)
	at org.springframework.boot.SpringApplication.refresh(SpringApplication.java:756)
	at org.springframework.boot.SpringApplication.refreshContext(SpringApplication.java:445)
	at org.springframework.boot.SpringApplication.run(SpringApplication.java:321)
	at org.springframework.boot.test.context.SpringBootContextLoader.lambda$loadContext$2(SpringBootContextLoader.java:156)
	at org.springframework.util.function.ThrowingSupplier.get(ThrowingSupplier.java:58)
	at org.springframework.util.function.ThrowingSupplier.get(ThrowingSupplier.java:46)
	at org.springframework.boot.SpringApplication.withHook(SpringApplication.java:1465)
	at org.springframework.boot.test.context.SpringBootContextLoader$ContextLoaderHook.run(SpringBootContextLoader.java:605)
	at org.springframework.boot.test.context.SpringBootContextLoader.loadContext(SpringBootContextLoader.java:156)
	at org.springframework.boot.test.context.SpringBootContextLoader.loadContext(SpringBootContextLoader.java:115)
	at org.springframework.test.context.cache.DefaultCacheAwareContextLoaderDelegate.loadContextInternal(DefaultCacheAwareContextLoaderDelegate.java:247)
	at org.springframework.test.context.cache.DefaultCacheAwareContextLoaderDelegate.lambda$loadContext$0(DefaultCacheAwareContextLoaderDelegate.java:167)
	at org.springframework.test.context.cache.DefaultContextCache.put(DefaultContextCache.java:172)
	at org.springframework.test.context.cache.DefaultCacheAwareContextLoaderDelegate.loadContext(DefaultCacheAwareContextLoaderDelegate.java:160)
	at org.springframework.test.context.support.DefaultTestContext.getApplicationContext(DefaultTestContext.java:128)
	at org.springframework.test.context.web.ServletTestExecutionListener.setUpRequestContextIfNecessary(ServletTestExecutionListener.java:200)
	at org.springframework.test.context.web.ServletTestExecutionListener.prepareTestInstance(ServletTestExecutionListener.java:139)
	at org.springframework.test.context.TestContextManager.prepareTestInstance(TestContextManager.java:260)
	at org.springframework.test.context.junit.jupiter.SpringExtension.postProcessTestInstance(SpringExtension.java:205)
	at org.junit.jupiter.engine.descriptor.ClassBasedTestDescriptor.lambda$invokeTestInstancePostProcessors$1(ClassBasedTestDescriptor.java:423)
	at org.junit.jupiter.engine.descriptor.ClassBasedTestDescriptor.executeAndMaskThrowable(ClassBasedTestDescriptor.java:428)
	at org.junit.jupiter.engine.descriptor.ClassBasedTestDescriptor.lambda$invokeTestInstancePostProcessors$0(ClassBasedTestDescriptor.java:422)
	at java.base/java.util.stream.ForEachOps$ForEachOp$OfRef.accept(ForEachOps.java:186)
	at java.base/java.util.stream.ReferencePipeline$3$1.accept(ReferencePipeline.java:214)
	at java.base/java.util.stream.ReferencePipeline$2$1.accept(ReferencePipeline.java:197)
	at java.base/java.util.stream.ReferencePipeline$3$1.accept(ReferencePipeline.java:214)
	at java.base/java.util.ArrayList$ArrayListSpliterator.forEachRemaining(ArrayList.java:1716)
	at java.base/java.util.stream.AbstractPipeline.copyInto(AbstractPipeline.java:570)
	at java.base/java.util.stream.AbstractPipeline.wrapAndCopyInto(AbstractPipeline.java:560)
	at java.base/java.util.stream.ForEachOps$ForEachOp.evaluateSequential(ForEachOps.java:153)
	at java.base/java.util.stream.ForEachOps$ForEachOp$OfRef.evaluateSequential(ForEachOps.java:176)
	at java.base/java.util.stream.AbstractPipeline.evaluate(AbstractPipeline.java:265)
	at java.base/java.util.stream.ReferencePipeline.forEach(ReferencePipeline.java:632)
	at org.junit.jupiter.engine.descriptor.ClassBasedTestDescriptor.invokeTestInstancePostProcessors(ClassBasedTestDescriptor.java:422)
	at org.junit.jupiter.engine.descriptor.ClassBasedTestDescriptor.lambda$instantiateAndPostProcessTestInstance$0(ClassBasedTestDescriptor.java:334)
	at org.junit.platform.engine.support.hierarchical.ThrowableCollector.execute(ThrowableCollector.java:74)
	at org.junit.jupiter.engine.descriptor.ClassBasedTestDescriptor.instantiateAndPostProcessTestInstance(ClassBasedTestDescriptor.java:333)
	at org.junit.jupiter.engine.descriptor.ClassBasedTestDescriptor.lambda$testInstancesProvider$1(ClassBasedTestDescriptor.java:322)
	at java.base/java.util.Optional.orElseGet(Optional.java:364)
	at org.junit.jupiter.engine.descriptor.ClassBasedTestDescriptor.lambda$testInstancesProvider$0(ClassBasedTestDescriptor.java:321)
	at org.junit.jupiter.engine.execution.TestInstancesProvider.getTestInstances(TestInstancesProvider.java:27)
	at org.junit.jupiter.engine.descriptor.TestMethodTestDescriptor.lambda$prepare$0(TestMethodTestDescriptor.java:127)
	at org.junit.platform.engine.support.hierarchical.ThrowableCollector.execute(ThrowableCollector.java:74)
	at org.junit.jupiter.engine.descriptor.TestMethodTestDescriptor.prepare(TestMethodTestDescriptor.java:126)
	at org.junit.jupiter.engine.descriptor.TestMethodTestDescriptor.prepare(TestMethodTestDescriptor.java:70)
	at org.junit.platform.engine.support.hierarchical.NodeTestTask.lambda$prepare$0(NodeTestTask.java:144)
	at org.junit.platform.engine.support.hierarchical.ThrowableCollector.execute(ThrowableCollector.java:74)
	at org.junit.platform.engine.support.hierarchical.NodeTestTask.prepare(NodeTestTask.java:144)
	at org.junit.platform.engine.support.hierarchical.NodeTestTask.execute(NodeTestTask.java:110)
	at java.base/java.util.ArrayList.forEach(ArrayList.java:1604)
	at org.junit.platform.engine.support.hierarchical.SameThreadHierarchicalTestExecutorService.invokeAll(SameThreadHierarchicalTestExecutorService.java:42)
	at org.junit.platform.engine.support.hierarchical.NodeTestTask.lambda$executeRecursively$2(NodeTestTask.java:180)
	at org.junit.platform.engine.support.hierarchical.ThrowableCollector.execute(ThrowableCollector.java:74)
	at org.junit.platform.engine.support.hierarchical.NodeTestTask.lambda$executeRecursively$1(NodeTestTask.java:166)
	at org.junit.platform.engine.support.hierarchical.Node.around(Node.java:138)
	at org.junit.platform.engine.support.hierarchical.NodeTestTask.lambda$executeRecursively$0(NodeTestTask.java:164)
	at org.junit.platform.engine.support.hierarchical.ThrowableCollector.execute(ThrowableCollector.java:74)
	at org.junit.platform.engine.support.hierarchical.NodeTestTask.executeRecursively(NodeTestTask.java:163)
	at org.junit.platform.engine.support.hierarchical.NodeTestTask.execute(NodeTestTask.java:116)
	at java.base/java.util.ArrayList.forEach(ArrayList.java:1604)
	at org.junit.platform.engine.support.hierarchical.SameThreadHierarchicalTestExecutorService.invokeAll(SameThreadHierarchicalTestExecutorService.java:42)
	at org.junit.platform.engine.support.hierarchical.NodeTestTask.lambda$executeRecursively$2(NodeTestTask.java:180)
	at org.junit.platform.engine.support.hierarchical.ThrowableCollector.execute(ThrowableCollector.java:74)
	at org.junit.platform.engine.support.hierarchical.NodeTestTask.lambda$executeRecursively$1(NodeTestTask.java:166)
	at org.junit.platform.engine.support.hierarchical.Node.around(Node.java:138)
	at org.junit.platform.engine.support.hierarchical.NodeTestTask.lambda$executeRecursively$0(NodeTestTask.java:164)
	at org.junit.platform.engine.support.hierarchical.ThrowableCollector.execute(ThrowableCollector.java:74)
	at org.junit.platform.engine.support.hierarchical.NodeTestTask.executeRecursively(NodeTestTask.java:163)
	at org.junit.platform.engine.support.hierarchical.NodeTestTask.execute(NodeTestTask.java:116)
	at org.junit.platform.engine.support.hierarchical.SameThreadHierarchicalTestExecutorService.submit(SameThreadHierarchicalTestExecutorService.java:36)
	at org.junit.platform.engine.support.hierarchical.HierarchicalTestExecutor.execute(HierarchicalTestExecutor.java:52)
	at org.junit.platform.engine.support.hierarchical.HierarchicalTestEngine.execute(HierarchicalTestEngine.java:58)
	at org.junit.platform.launcher.core.EngineExecutionOrchestrator.executeEngine(EngineExecutionOrchestrator.java:246)
	at org.junit.platform.launcher.core.EngineExecutionOrchestrator.failOrExecuteEngine(EngineExecutionOrchestrator.java:218)
	at org.junit.platform.launcher.core.EngineExecutionOrchestrator.execute(EngineExecutionOrchestrator.java:179)
	at org.junit.platform.launcher.core.EngineExecutionOrchestrator.execute(EngineExecutionOrchestrator.java:108)
	at org.junit.platform.launcher.core.EngineExecutionOrchestrator.lambda$execute$0(EngineExecutionOrchestrator.java:66)
	at org.junit.platform.launcher.core.EngineExecutionOrchestrator.withInterceptedStreams(EngineExecutionOrchestrator.java:157)
	at org.junit.platform.launcher.core.EngineExecutionOrchestrator.execute(EngineExecutionOrchestrator.java:65)
	at org.junit.platform.launcher.core.DefaultLauncher.execute(DefaultLauncher.java:125)
	at org.junit.platform.launcher.core.DefaultLauncher.execute(DefaultLauncher.java:114)
	at org.junit.platform.launcher.core.DefaultLauncher.execute(DefaultLauncher.java:93)
	at org.junit.platform.launcher.core.DelegatingLauncher.execute(DelegatingLauncher.java:48)
	at org.junit.platform.launcher.core.InterceptingLauncher.lambda$execute$0(InterceptingLauncher.java:41)
	at org.junit.platform.launcher.core.ClasspathAlignmentCheckingLauncherInterceptor.intercept(ClasspathAlignmentCheckingLauncherInterceptor.java:25)
	at org.junit.platform.launcher.core.InterceptingLauncher.execute(InterceptingLauncher.java:40)
	at org.junit.platform.launcher.core.DelegatingLauncher.execute(DelegatingLauncher.java:48)
	at org.gradle.api.internal.tasks.testing.junitplatform.JUnitPlatformTestClassProcessor$CollectAllTestClassesExecutor.processAllTestClasses(JUnitPlatformTestClassProcessor.java:135)
	at org.gradle.api.internal.tasks.testing.junitplatform.JUnitPlatformTestClassProcessor$CollectAllTestClassesExecutor.access$000(JUnitPlatformTestClassProcessor.java:110)
	at org.gradle.api.internal.tasks.testing.junitplatform.JUnitPlatformTestClassProcessor.stop(JUnitPlatformTestClassProcessor.java:104)
	at org.gradle.api.internal.tasks.testing.SuiteTestClassProcessor.stop(SuiteTestClassProcessor.java:64)
	at java.base/jdk.internal.reflect.DirectMethodHandleAccessor.invoke(DirectMethodHandleAccessor.java:104)
	at java.base/java.lang.reflect.Method.invoke(Method.java:565)
	at org.gradle.internal.dispatch.MethodInvocation.invokeOn(MethodInvocation.java:77)
	at org.gradle.internal.dispatch.ReflectionDispatch.dispatch(ReflectionDispatch.java:28)
	at org.gradle.internal.dispatch.ReflectionDispatch.dispatch(ReflectionDispatch.java:19)
	at org.gradle.internal.dispatch.ContextClassLoaderDispatch.dispatch(ContextClassLoaderDispatch.java:33)
	at org.gradle.internal.dispatch.ProxyDispatchAdapter$DispatchingInvocationHandler.invoke(ProxyDispatchAdapter.java:88)
	at jdk.proxy2/jdk.proxy2.$Proxy6.stop(Unknown Source)
	at org.gradle.api.internal.tasks.testing.worker.TestWorker$3.run(TestWorker.java:194)
	at org.gradle.api.internal.tasks.testing.worker.TestWorker.executeAndMaintainThreadName(TestWorker.java:126)
	at org.gradle.api.internal.tasks.testing.worker.TestWorker.execute(TestWorker.java:103)
	at org.gradle.api.internal.tasks.testing.worker.TestWorker.execute(TestWorker.java:63)
	at org.gradle.process.internal.worker.child.ActionExecutionWorker.execute(ActionExecutionWorker.java:56)
	at org.gradle.process.internal.worker.child.SystemApplicationClassLoaderWorker.call(SystemApplicationClassLoaderWorker.java:122)
	at org.gradle.process.internal.worker.child.SystemApplicationClassLoaderWorker.call(SystemApplicationClassLoaderWorker.java:72)
	at worker.org.gradle.process.internal.worker.GradleWorkerMain.run(GradleWorkerMain.java:69)
	at worker.org.gradle.process.internal.worker.GradleWorkerMain.main(GradleWorkerMain.java:74)
Caused by: java.util.zip.ZipException: zip END header not found
	at java.base/java.util.zip.ZipFile$Source.findEND(ZipFile.java:1693)
	at java.base/java.util.zip.ZipFile$Source.initCEN(ZipFile.java:1701)
	at java.base/java.util.zip.ZipFile$Source.&lt;init&gt;(ZipFile.java:1542)
	at java.base/java.util.zip.ZipFile$Source.get(ZipFile.java:1506)
	at java.base/java.util.zip.ZipFile$CleanableResource.&lt;init&gt;(ZipFile.java:704)
	at java.base/java.util.zip.ZipFile.&lt;init&gt;(ZipFile.java:204)
	at java.base/java.util.zip.ZipFile.&lt;init&gt;(ZipFile.java:150)
	at java.base/java.util.zip.ZipFile.&lt;init&gt;(ZipFile.java:164)
	at org.apache.felix.framework.util.SecureAction.openZipFile(SecureAction.java:802)
	at org.apache.felix.framework.util.WeakZipFileFactory$WeakZipFile.&lt;init&gt;(WeakZipFileFactory.java:169)
	at org.apache.felix.framework.util.WeakZipFileFactory$WeakZipFile.&lt;init&gt;(WeakZipFileFactory.java:151)
	at org.apache.felix.framework.util.WeakZipFileFactory.create(WeakZipFileFactory.java:78)
	at org.apache.felix.framework.cache.JarRevision.&lt;init&gt;(JarRevision.java:83)
	at org.apache.felix.framework.cache.BundleArchive.createRevisionFromLocation(BundleArchive.java:819)
	at org.apache.felix.framework.cache.BundleArchive.reviseInternal(BundleArchive.java:491)
	at org.apache.felix.framework.cache.BundleArchive.&lt;init&gt;(BundleArchive.java:155)
	at org.apache.felix.framework.cache.BundleCache.create(BundleCache.java:457)
	at org.apache.felix.framework.Felix.installBundle(Felix.java:3254)
	... 131 common frames omitted
2026-01-06 10:37:58 [Test worker] DEBUG c.a.c.p.r.scanner.PluginScanner - Found plugin JAR: arcana-audit-plugin-1.0.0.jar
2026-01-06 10:37:58 [Test worker] INFO  c.a.c.p.r.osgi.OSGiPluginManager - Installing plugin bundle: /Users/jrjohn/Documents/projects/arcana-cloud-springboot/plugins/arcana-audit-plugin-1.0.0.jar
2026-01-06 10:37:58 [Test worker] INFO  c.a.c.p.r.osgi.OSGiPluginManager - Plugin installed: com.arcana.plugin.audit (bundle id: 5)
2026-01-06 10:37:58 [Test worker] INFO  c.a.c.p.r.scanner.PluginScanner - Installed 1 plugins
2026-01-06 10:37:58 [Test worker] INFO  c.a.c.plugin.runtime.PluginManager - Plugin system initialized successfully. 1 plugins installed
2026-01-06 10:37:58 [FelixDispatchQueue] DEBUG c.a.c.plugin.runtime.PluginManager - Plugin com.arcana.plugin.audit state changed to INSTALLED
2026-01-06 10:37:58 [Test worker] INFO  c.a.c.p.r.s.PluginSignatureVerifier - Loaded 0 trusted certificates for plugin verification
2026-01-06 10:37:59 [Test worker] INFO  o.s.s.c.a.a.c.InitializeAuthenticationProviderBeanManagerConfigurer$InitializeAuthenticationProviderManagerConfigurer - Global AuthenticationManager configured with AuthenticationProvider bean with name authenticationProvider
2026-01-06 10:37:59 [Test worker] WARN  o.s.s.c.a.a.c.InitializeUserDetailsBeanManagerConfigurer$InitializeUserDetailsManagerConfigurer - Global AuthenticationManager configured with an AuthenticationProvider bean. UserDetailsService beans will not be used by Spring Security for automatically configuring username/password login. Consider removing the AuthenticationProvider bean. Alternatively, consider using the UserDetailsService in a manually instantiated DaoAuthenticationProvider. If the current configuration is intentional, to turn off this warning, increase the logging level of 'org.springframework.security.config.annotation.authentication.configuration.InitializeUserDetailsBeanManagerConfigurer' to ERROR
2026-01-06 10:37:59 [cluster-ClusterId{value='695c7587876b7ca66ff77a70', description='null'}-localhost:27017] INFO  org.mongodb.driver.cluster - Exception in monitor thread while connecting to server localhost:27017
com.mongodb.MongoSocketOpenException: Exception opening socket
	at com.mongodb.internal.connection.SocketStream.lambda$open$0(SocketStream.java:85)
	at java.base/java.util.Optional.orElseThrow(Optional.java:403)
	at com.mongodb.internal.connection.SocketStream.open(SocketStream.java:85)
	at com.mongodb.internal.connection.InternalStreamConnection.open(InternalStreamConnection.java:233)
	at com.mongodb.internal.connection.DefaultServerMonitor$ServerMonitor.setupNewConnectionAndGetInitialDescription(DefaultServerMonitor.java:282)
	at com.mongodb.internal.connection.DefaultServerMonitor$ServerMonitor.lookupServerDescription(DefaultServerMonitor.java:253)
	at com.mongodb.internal.connection.DefaultServerMonitor$ServerMonitor.run(DefaultServerMonitor.java:203)
Caused by: java.net.ConnectException: Connection refused
	at java.base/sun.nio.ch.Net.pollConnect(Native Method)
	at java.base/sun.nio.ch.Net.pollConnectNow(Net.java:639)
	at java.base/sun.nio.ch.NioSocketImpl.timedFinishConnect(NioSocketImpl.java:550)
	at java.base/sun.nio.ch.NioSocketImpl.connect(NioSocketImpl.java:594)
	at java.base/java.net.SocksSocketImpl.connect(SocksSocketImpl.java:284)
	at java.base/java.net.Socket.connect(Socket.java:659)
	at com.mongodb.internal.connection.SocketStreamHelper.initialize(SocketStreamHelper.java:76)
	at com.mongodb.internal.connection.SocketStream.initializeSocket(SocketStream.java:104)
	at com.mongodb.internal.connection.SocketStream.open(SocketStream.java:79)
	... 4 common frames omitted
2026-01-06 10:37:59 [Test worker] INFO  org.mongodb.driver.client - MongoClient with metadata {&quot;driver&quot;: {&quot;name&quot;: &quot;mongo-java-driver|spring-boot|sync&quot;, &quot;version&quot;: &quot;5.6.2&quot;}, &quot;os&quot;: {&quot;type&quot;: &quot;Darwin&quot;, &quot;name&quot;: &quot;Mac OS X&quot;, &quot;architecture&quot;: &quot;aarch64&quot;, &quot;version&quot;: &quot;26.2&quot;}, &quot;platform&quot;: &quot;Java/Homebrew/25.0.1&quot;} created with settings MongoClientSettings{readPreference=primary, writeConcern=WriteConcern{w=null, wTimeout=null ms, journal=null}, retryWrites=true, retryReads=true, readConcern=ReadConcern{level=null}, credential=null, transportSettings=null, commandListeners=[io.micrometer.core.instrument.binder.mongodb.MongoMetricsCommandListener@53a6c987], codecRegistry=ProvidersCodecRegistry{codecProviders=[ValueCodecProvider{}, BsonValueCodecProvider{}, DBRefCodecProvider{}, DBObjectCodecProvider{}, DocumentCodecProvider{}, CollectionCodecProvider{}, IterableCodecProvider{}, MapCodecProvider{}, GeoJsonCodecProvider{}, GridFSFileCodecProvider{}, Jsr310CodecProvider{}, JsonObjectCodecProvider{}, BsonCodecProvider{}, com.mongodb.client.model.mql.ExpressionCodecProvider@7f1ae987, com.mongodb.Jep395RecordCodecProvider@7f64edc0, com.mongodb.KotlinCodecProvider@7d65726c, EnumCodecProvider{}]}, loggerSettings=LoggerSettings{maxDocumentLength=1000}, clusterSettings={hosts=[localhost:27017], srvServiceName=mongodb, mode=SINGLE, requiredClusterType=UNKNOWN, requiredReplicaSetName='null', serverSelector='null', clusterListeners='[]', serverSelectionTimeout='30000 ms', localThreshold='15 ms'}, socketSettings=SocketSettings{connectTimeoutMS=10000, readTimeoutMS=0, receiveBufferSize=0, proxySettings=ProxySettings{host=null, port=null, username=null, password=null}}, heartbeatSocketSettings=SocketSettings{connectTimeoutMS=10000, readTimeoutMS=10000, receiveBufferSize=0, proxySettings=ProxySettings{host=null, port=null, username=null, password=null}}, connectionPoolSettings=ConnectionPoolSettings{maxSize=100, minSize=0, maxWaitTimeMS=120000, maxConnectionLifeTimeMS=0, maxConnectionIdleTimeMS=0, maintenanceInitialDelayMS=0, maintenanceFrequencyMS=60000, connectionPoolListeners=[io.micrometer.core.instrument.binder.mongodb.MongoMetricsConnectionPoolListener@59c414f3], maxConnecting=2}, serverSettings=ServerSettings{heartbeatFrequencyMS=10000, minHeartbeatFrequencyMS=500, serverMonitoringMode=AUTO, serverListeners='[]', serverMonitorListeners='[]'}, sslSettings=SslSettings{enabled=false, invalidHostNameAllowed=false, context=null}, applicationName='null', compressorList=[], uuidRepresentation=UNSPECIFIED, serverApi=null, autoEncryptionSettings=null, dnsClient=null, inetAddressResolver=null, contextProvider=null, timeoutMS=null}
2026-01-06 10:37:59 [Test worker] WARN  i.n.r.d.DnsServerAddressStreamProviders - Can not find io.netty.resolver.dns.macos.MacOSDnsServerAddressStreamProvider in the classpath, fallback to system defaults. This may result in incorrect DNS resolutions on MacOS. Check whether you have a dependency on 'io.netty:netty-resolver-dns-native-macos'
2026-01-06 10:37:59 [Test worker] DEBUG c.a.c.s.JwtAuthenticationFilter - Filter 'jwtAuthenticationFilter' configured for use
2026-01-06 10:37:59 [Test worker] INFO  o.s.b.t.m.w.SpringBootMockServletContext - Initializing Spring TestDispatcherServlet ''
2026-01-06 10:37:59 [Test worker] INFO  o.s.t.w.s.TestDispatcherServlet - Initializing Servlet ''
2026-01-06 10:37:59 [Test worker] INFO  o.s.b.a.e.web.EndpointLinksResolver - Exposing 4 endpoints beneath base path '/actuator'
2026-01-06 10:37:59 [Test worker] INFO  o.s.t.w.s.TestDispatcherServlet - Completed initialization in 11 ms
2026-01-06 10:37:59 [Test worker] INFO  c.a.cloud.integration.ValidationTest - Started ValidationTest in 4.06 seconds (process running for 4.994)
2026-01-06 10:38:00 [Test worker] WARN  o.s.c.events.SpringDocAppInitializer - SpringDoc /v3/api-docs endpoint is enabled by default. To disable it in production, set the property 'springdoc.api-docs.enabled=false'
2026-01-06 10:38:00 [Test worker] WARN  o.s.c.events.SpringDocAppInitializer - SpringDoc /swagger-ui.html endpoint is enabled by default. To disable it in production, set the property 'springdoc.swagger-ui.enabled=false'
2026-01-06 10:38:00 [Test worker] WARN  c.a.c.e.GlobalExceptionHandler - Validation failed: Validation failed for argument [0] in public org.springframework.http.ResponseEntity&lt;com.arcana.cloud.dto.response.ApiResponse&lt;com.arcana.cloud.dto.response.AuthResponse&gt;&gt; com.arcana.cloud.controller.AuthController.login(com.arcana.cloud.dto.request.LoginRequest): [Field error in object 'loginRequest' on field 'usernameOrEmail': rejected value [null]; codes [NotBlank.loginRequest.usernameOrEmail,NotBlank.usernameOrEmail,NotBlank.java.lang.String,NotBlank]; arguments [org.springframework.context.support.DefaultMessageSourceResolvable: codes [loginRequest.usernameOrEmail,usernameOrEmail]; arguments []; default message [usernameOrEmail]]; default message [Username or email is required]] 
2026-01-06 10:38:00 [Test worker] WARN  c.a.c.e.GlobalExceptionHandler - Validation failed: Validation failed for argument [0] in public org.springframework.http.ResponseEntity&lt;com.arcana.cloud.dto.response.ApiResponse&lt;com.arcana.cloud.dto.response.AuthResponse&gt;&gt; com.arcana.cloud.controller.AuthController.register(com.arcana.cloud.dto.request.RegisterRequest): [Field error in object 'registerRequest' on field 'confirmPassword': rejected value [null]; codes [NotBlank.registerRequest.confirmPassword,NotBlank.confirmPassword,NotBlank.java.lang.String,NotBlank]; arguments [org.springframework.context.support.DefaultMessageSourceResolvable: codes [registerRequest.confirmPassword,confirmPassword]; arguments []; default message [confirmPassword]]; default message [Confirm password is required]] 
2026-01-06 10:38:00 [Test worker] WARN  c.a.c.e.GlobalExceptionHandler - Validation failed: Validation failed for argument [0] in public org.springframework.http.ResponseEntity&lt;com.arcana.cloud.dto.response.ApiResponse&lt;com.arcana.cloud.dto.response.AuthResponse&gt;&gt; com.arcana.cloud.controller.AuthController.login(com.arcana.cloud.dto.request.LoginRequest) with 2 errors: [Field error in object 'loginRequest' on field 'usernameOrEmail': rejected value [null]; codes [NotBlank.loginRequest.usernameOrEmail,NotBlank.usernameOrEmail,NotBlank.java.lang.String,NotBlank]; arguments [org.springframework.context.support.DefaultMessageSourceResolvable: codes [loginRequest.usernameOrEmail,usernameOrEmail]; arguments []; default message [usernameOrEmail]]; default message [Username or email is required]] [Field error in object 'loginRequest' on field 'password': rejected value [null]; codes [NotBlank.loginRequest.password,NotBlank.password,NotBlank.java.lang.String,NotBlank]; arguments [org.springframework.context.support.DefaultMessageSourceResolvable: codes [loginRequest.password,password]; arguments []; default message [password]]; default message [Password is required]] 
2026-01-06 10:38:00 [Test worker] WARN  c.a.c.e.GlobalExceptionHandler - Validation failed: Validation failed for argument [0] in public org.springframework.http.ResponseEntity&lt;com.arcana.cloud.dto.response.ApiResponse&lt;com.arcana.cloud.dto.response.AuthResponse&gt;&gt; com.arcana.cloud.controller.AuthController.register(com.arcana.cloud.dto.request.RegisterRequest): [Field error in object 'registerRequest' on field 'email': rejected value [null]; codes [NotBlank.registerRequest.email,NotBlank.email,NotBlank.java.lang.String,NotBlank]; arguments [org.springframework.context.support.DefaultMessageSourceResolvable: codes [registerRequest.email,email]; arguments []; default message [email]]; default message [Email is required]] 
2026-01-06 10:38:00 [Test worker] WARN  c.a.c.e.GlobalExceptionHandler - Validation failed: Validation failed for argument [0] in public org.springframework.http.ResponseEntity&lt;com.arcana.cloud.dto.response.ApiResponse&lt;com.arcana.cloud.dto.response.AuthResponse&gt;&gt; com.arcana.cloud.controller.AuthController.register(com.arcana.cloud.dto.request.RegisterRequest): [Field error in object 'registerRequest' on field 'username': rejected value [aaaaaaaaaaaaaaaaaaaaaaaaaaaaaaaaaaaaaaaaaaaaaaaaaaa]; codes [Size.registerRequest.username,Size.username,Size.java.lang.String,Size]; arguments [org.springframework.context.support.DefaultMessageSourceResolvable: codes [registerRequest.username,username]; arguments []; default message [username],50,3]; default message [Username must be between 3 and 50 characters]] 
2026-01-06 10:38:00 [Test worker] INFO  c.a.c.service.impl.AuthServiceImpl - Registering new user with username: duplicateuser1767667080406
2026-01-06 10:38:00 [Test worker] DEBUG c.a.c.d.i.m.m.U.existsByUsername - ==&gt;  Preparing: SELECT COUNT(*) &gt; 0 FROM users WHERE username = ?
2026-01-06 10:38:00 [Test worker] DEBUG c.a.c.d.i.m.m.U.existsByUsername - ==&gt; Parameters: duplicateuser1767667080406(String)
2026-01-06 10:38:00 [Test worker] DEBUG c.a.c.d.i.m.m.U.existsByUsername - &lt;==      Total: 1
2026-01-06 10:38:00 [Test worker] DEBUG c.a.c.d.i.m.m.U.existsByEmail - ==&gt;  Preparing: SELECT COUNT(*) &gt; 0 FROM users WHERE email = ?
2026-01-06 10:38:00 [Test worker] DEBUG c.a.c.d.i.m.m.U.existsByEmail - ==&gt; Parameters: duplicateuser1767667080406@example.com(String)
2026-01-06 10:38:00 [Test worker] DEBUG c.a.c.d.i.m.m.U.existsByEmail - &lt;==      Total: 1
2026-01-06 10:38:00 [Test worker] DEBUG c.a.c.r.impl.UserRepositoryImpl - Repository: Saving user: duplicateuser1767667080406
2026-01-06 10:38:00 [Test worker] DEBUG c.a.c.d.i.mybatis.UserDaoMybatisImpl - MyBatis DAO: Saving user: duplicateuser1767667080406
2026-01-06 10:38:00 [Test worker] DEBUG c.a.c.d.i.m.mapper.UserMapper.insert - ==&gt;  Preparing: INSERT INTO users (username, email, password, first_name, last_name, role, is_active, is_verified, created_at, updated_at) VALUES (?, ?, ?, ?, ?, ?, ?, ?, COALESCE(?, NOW()), COALESCE(?, NOW()))
2026-01-06 10:38:00 [Test worker] DEBUG c.a.c.d.i.m.mapper.UserMapper.insert - ==&gt; Parameters: duplicateuser1767667080406(String), duplicateuser1767667080406@example.com(String), $2a$10$CHfdO8iT8IM3zH6dN6Im0OxB4thcUF80lnIpmKVgog1fdnmxnZolq(String), Duplicate(String), User(String), USER(String), true(Boolean), false(Boolean), null, null
2026-01-06 10:38:00 [Test worker] DEBUG c.a.c.d.i.m.mapper.UserMapper.insert - &lt;==    Updates: 1
2026-01-06 10:38:00 [Test worker] INFO  c.a.c.service.impl.AuthServiceImpl - User registered successfully with id: 1
2026-01-06 10:38:00 [Test worker] DEBUG c.a.c.r.i.OAuthTokenRepositoryImpl - Repository: Saving OAuth token
2026-01-06 10:38:00 [Test worker] DEBUG c.a.c.d.i.m.OAuthTokenDaoMybatisImpl - MyBatis DAO: Saving OAuth token
2026-01-06 10:38:00 [Test worker] DEBUG c.a.c.d.i.m.m.O.insert - ==&gt;  Preparing: INSERT INTO oauth_tokens (user_id, access_token, refresh_token, token_type, expires_at, refresh_expires_at, is_revoked, created_at, client_ip, user_agent) VALUES (?, ?, ?, ?, ?, ?, ?, COALESCE(?, NOW()), ?, ?)
2026-01-06 10:38:00 [Test worker] DEBUG c.a.c.d.i.m.m.O.insert - ==&gt; Parameters: 1(Long), eyJhbGciOiJIUzM4NCJ9.eyJzdWIiOiIxIiwidXNlcm5hbWUiOiJkdXBsaWNhdGV1c2VyMTc2NzY2NzA4MDQwNiIsImVtYWlsIjoiZHVwbGljYXRldXNlcjE3Njc2NjcwODA0MDZAZXhhbXBsZS5jb20iLCJyb2xlIjoiVVNFUiIsImlhdCI6MTc2NzY2NzA4MCwiZXhwIjoxNzY3NjcwNjgwfQ.Kw31DxMI6zx_d13phceqfUJKlveWIn3nhXdKzng2mpAsvtA2GoMrLKF30A7kYnJT(String), eyJhbGciOiJIUzM4NCJ9.eyJzdWIiOiIxIiwidHlwZSI6InJlZnJlc2giLCJpYXQiOjE3Njc2NjcwODAsImV4cCI6MTc2Nzc1MzQ4MH0.qjyjBr_tU6lDexTNZyHESBjhTXxPOZtJ35T_JpOXpLUeWZl13pcv61l5U-ov7Qx2(String), Bearer(String), 2026-01-06T11:38:00.572043(LocalDateTime), 2026-01-07T10:38:00.572043(LocalDateTime), false(Boolean), null, null, null
2026-01-06 10:38:00 [Test worker] DEBUG c.a.c.d.i.m.m.O.insert - &lt;==    Updates: 1
2026-01-06 10:38:00 [Test worker] INFO  c.a.c.service.impl.AuthServiceImpl - Registering new user with username: duplicateuser1767667080406
2026-01-06 10:38:00 [Test worker] DEBUG c.a.c.d.i.m.m.U.existsByUsername - ==&gt;  Preparing: SELECT COUNT(*) &gt; 0 FROM users WHERE username = ?
2026-01-06 10:38:00 [Test worker] DEBUG c.a.c.d.i.m.m.U.existsByUsername - ==&gt; Parameters: duplicateuser1767667080406(String)
2026-01-06 10:38:00 [Test worker] DEBUG c.a.c.d.i.m.m.U.existsByUsername - &lt;==      Total: 1
2026-01-06 10:38:00 [Test worker] WARN  c.a.c.e.GlobalExceptionHandler - Validation error: Username already exists
2026-01-06 10:38:00 [Test worker] INFO  c.a.c.service.impl.AuthServiceImpl - Login attempt for user: nonexistentuser
2026-01-06 10:38:00 [Test worker] DEBUG c.a.c.r.impl.UserRepositoryImpl - Repository: Finding user by username or email: nonexistentuser/nonexistentuser
2026-01-06 10:38:00 [Test worker] DEBUG c.a.c.d.i.mybatis.UserDaoMybatisImpl - MyBatis DAO: Finding user by username or email: nonexistentuser/nonexistentuser
2026-01-06 10:38:00 [Test worker] DEBUG c.a.c.d.i.m.m.U.findByUsernameOrEmail - ==&gt;  Preparing: SELECT * FROM users WHERE username = ? OR email = ? LIMIT 1
2026-01-06 10:38:00 [Test worker] DEBUG c.a.c.d.i.m.m.U.findByUsernameOrEmail - ==&gt; Parameters: nonexistentuser(String), nonexistentuser(String)
2026-01-06 10:38:00 [Test worker] DEBUG c.a.c.d.i.m.m.U.findByUsernameOrEmail - &lt;==      Total: 0
2026-01-06 10:38:00 [Test worker] WARN  c.a.c.e.GlobalExceptionHandler - Unauthorized access: Invalid username or password
2026-01-06 10:38:00 [Test worker] WARN  c.a.c.e.GlobalExceptionHandler - Validation failed: Validation failed for argument [0] in public org.springframework.http.ResponseEntity&lt;com.arcana.cloud.dto.response.ApiResponse&lt;com.arcana.cloud.dto.response.AuthResponse&gt;&gt; com.arcana.cloud.controller.AuthController.register(com.arcana.cloud.dto.request.RegisterRequest): [Field error in object 'registerRequest' on field 'username': rejected value [ab]; codes [Size.registerRequest.username,Size.username,Size.java.lang.String,Size]; arguments [org.springframework.context.support.DefaultMessageSourceResolvable: codes [registerRequest.username,username]; arguments []; default message [username],50,3]; default message [Username must be between 3 and 50 characters]] 
2026-01-06 10:38:00 [Test worker] INFO  c.a.c.service.impl.AuthServiceImpl - Registering new user with username: wrongpassuser1767667080597
2026-01-06 10:38:00 [Test worker] DEBUG c.a.c.d.i.m.m.U.existsByUsername - ==&gt;  Preparing: SELECT COUNT(*) &gt; 0 FROM users WHERE username = ?
2026-01-06 10:38:00 [Test worker] DEBUG c.a.c.d.i.m.m.U.existsByUsername - ==&gt; Parameters: wrongpassuser1767667080597(String)
2026-01-06 10:38:00 [Test worker] DEBUG c.a.c.d.i.m.m.U.existsByUsername - &lt;==      Total: 1
2026-01-06 10:38:00 [Test worker] DEBUG c.a.c.d.i.m.m.U.existsByEmail - ==&gt;  Preparing: SELECT COUNT(*) &gt; 0 FROM users WHERE email = ?
2026-01-06 10:38:00 [Test worker] DEBUG c.a.c.d.i.m.m.U.existsByEmail - ==&gt; Parameters: wrongpassuser1767667080597@example.com(String)
2026-01-06 10:38:00 [Test worker] DEBUG c.a.c.d.i.m.m.U.existsByEmail - &lt;==      Total: 1
2026-01-06 10:38:00 [Test worker] DEBUG c.a.c.r.impl.UserRepositoryImpl - Repository: Saving user: wrongpassuser1767667080597
2026-01-06 10:38:00 [Test worker] DEBUG c.a.c.d.i.mybatis.UserDaoMybatisImpl - MyBatis DAO: Saving user: wrongpassuser1767667080597
2026-01-06 10:38:00 [Test worker] DEBUG c.a.c.d.i.m.mapper.UserMapper.insert - ==&gt;  Preparing: INSERT INTO users (username, email, password, first_name, last_name, role, is_active, is_verified, created_at, updated_at) VALUES (?, ?, ?, ?, ?, ?, ?, ?, COALESCE(?, NOW()), COALESCE(?, NOW()))
2026-01-06 10:38:00 [Test worker] DEBUG c.a.c.d.i.m.mapper.UserMapper.insert - ==&gt; Parameters: wrongpassuser1767667080597(String), wrongpassuser1767667080597@example.com(String), $2a$10$qiC3toB2/Hde5JLD.583k.FCdrj1Vw3v5uyewc9FXXiT5vqb/POt2(String), Wrong(String), Password(String), USER(String), true(Boolean), false(Boolean), null, null
2026-01-06 10:38:00 [Test worker] DEBUG c.a.c.d.i.m.mapper.UserMapper.insert - &lt;==    Updates: 1
2026-01-06 10:38:00 [Test worker] INFO  c.a.c.service.impl.AuthServiceImpl - User registered successfully with id: 2
2026-01-06 10:38:00 [Test worker] DEBUG c.a.c.r.i.OAuthTokenRepositoryImpl - Repository: Saving OAuth token
2026-01-06 10:38:00 [Test worker] DEBUG c.a.c.d.i.m.OAuthTokenDaoMybatisImpl - MyBatis DAO: Saving OAuth token
2026-01-06 10:38:00 [Test worker] DEBUG c.a.c.d.i.m.m.O.insert - ==&gt;  Preparing: INSERT INTO oauth_tokens (user_id, access_token, refresh_token, token_type, expires_at, refresh_expires_at, is_revoked, created_at, client_ip, user_agent) VALUES (?, ?, ?, ?, ?, ?, ?, COALESCE(?, NOW()), ?, ?)
2026-01-06 10:38:00 [Test worker] DEBUG c.a.c.d.i.m.m.O.insert - ==&gt; Parameters: 2(Long), eyJhbGciOiJIUzM4NCJ9.eyJzdWIiOiIyIiwidXNlcm5hbWUiOiJ3cm9uZ3Bhc3N1c2VyMTc2NzY2NzA4MDU5NyIsImVtYWlsIjoid3JvbmdwYXNzdXNlcjE3Njc2NjcwODA1OTdAZXhhbXBsZS5jb20iLCJyb2xlIjoiVVNFUiIsImlhdCI6MTc2NzY2NzA4MCwiZXhwIjoxNzY3NjcwNjgwfQ.3foMTVajIj7amp2ymYI-wH4fJ2f40kNxbRBKc9uJdSXuAQeYrHLVeuBPQh-NHdE9(String), eyJhbGciOiJIUzM4NCJ9.eyJzdWIiOiIyIiwidHlwZSI6InJlZnJlc2giLCJpYXQiOjE3Njc2NjcwODAsImV4cCI6MTc2Nzc1MzQ4MH0.IwPEGC1mDvtgIix1HWowFOAsAgRsjknNS9MAQc5lsmU5JkVc9Gzx2Eozi7lsK9MS(String), Bearer(String), 2026-01-06T11:38:00.660240(LocalDateTime), 2026-01-07T10:38:00.660240(LocalDateTime), false(Boolean), null, null, null
2026-01-06 10:38:00 [Test worker] DEBUG c.a.c.d.i.m.m.O.insert - &lt;==    Updates: 1
2026-01-06 10:38:00 [Test worker] INFO  c.a.c.service.impl.AuthServiceImpl - Login attempt for user: wrongpassuser1767667080597
2026-01-06 10:38:00 [Test worker] DEBUG c.a.c.r.impl.UserRepositoryImpl - Repository: Finding user by username or email: wrongpassuser1767667080597/wrongpassuser1767667080597
2026-01-06 10:38:00 [Test worker] DEBUG c.a.c.d.i.mybatis.UserDaoMybatisImpl - MyBatis DAO: Finding user by username or email: wrongpassuser1767667080597/wrongpassuser1767667080597
2026-01-06 10:38:00 [Test worker] DEBUG c.a.c.d.i.m.m.U.findByUsernameOrEmail - ==&gt;  Preparing: SELECT * FROM users WHERE username = ? OR email = ? LIMIT 1
2026-01-06 10:38:00 [Test worker] DEBUG c.a.c.d.i.m.m.U.findByUsernameOrEmail - ==&gt; Parameters: wrongpassuser1767667080597(String), wrongpassuser1767667080597(String)
2026-01-06 10:38:00 [Test worker] DEBUG c.a.c.d.i.m.m.U.findByUsernameOrEmail - &lt;==      Total: 1
2026-01-06 10:38:00 [Test worker] WARN  c.a.c.e.GlobalExceptionHandler - Unauthorized access: Invalid username or password
2026-01-06 10:38:00 [Test worker] INFO  c.a.c.service.impl.AuthServiceImpl - Registering new user with username: unique11767667080725
2026-01-06 10:38:00 [Test worker] DEBUG c.a.c.d.i.m.m.U.existsByUsername - ==&gt;  Preparing: SELECT COUNT(*) &gt; 0 FROM users WHERE username = ?
2026-01-06 10:38:00 [Test worker] DEBUG c.a.c.d.i.m.m.U.existsByUsername - ==&gt; Parameters: unique11767667080725(String)
2026-01-06 10:38:00 [Test worker] DEBUG c.a.c.d.i.m.m.U.existsByUsername - &lt;==      Total: 1
2026-01-06 10:38:00 [Test worker] DEBUG c.a.c.d.i.m.m.U.existsByEmail - ==&gt;  Preparing: SELECT COUNT(*) &gt; 0 FROM users WHERE email = ?
2026-01-06 10:38:00 [Test worker] DEBUG c.a.c.d.i.m.m.U.existsByEmail - ==&gt; Parameters: duplicate1767667080725@example.com(String)
2026-01-06 10:38:00 [Test worker] DEBUG c.a.c.d.i.m.m.U.existsByEmail - &lt;==      Total: 1
2026-01-06 10:38:00 [Test worker] DEBUG c.a.c.r.impl.UserRepositoryImpl - Repository: Saving user: unique11767667080725
2026-01-06 10:38:00 [Test worker] DEBUG c.a.c.d.i.mybatis.UserDaoMybatisImpl - MyBatis DAO: Saving user: unique11767667080725
2026-01-06 10:38:00 [Test worker] DEBUG c.a.c.d.i.m.mapper.UserMapper.insert - ==&gt;  Preparing: INSERT INTO users (username, email, password, first_name, last_name, role, is_active, is_verified, created_at, updated_at) VALUES (?, ?, ?, ?, ?, ?, ?, ?, COALESCE(?, NOW()), COALESCE(?, NOW()))
2026-01-06 10:38:00 [Test worker] DEBUG c.a.c.d.i.m.mapper.UserMapper.insert - ==&gt; Parameters: unique11767667080725(String), duplicate1767667080725@example.com(String), $2a$10$t/khEQ782pwszAZVf8GkY.EK54YN6OBbdybo8tPgL4xEFfDBzEBGy(String), Duplicate(String), Email(String), USER(String), true(Boolean), false(Boolean), null, null
2026-01-06 10:38:00 [Test worker] DEBUG c.a.c.d.i.m.mapper.UserMapper.insert - &lt;==    Updates: 1
2026-01-06 10:38:00 [Test worker] INFO  c.a.c.service.impl.AuthServiceImpl - User registered successfully with id: 3
2026-01-06 10:38:00 [Test worker] DEBUG c.a.c.r.i.OAuthTokenRepositoryImpl - Repository: Saving OAuth token
2026-01-06 10:38:00 [Test worker] DEBUG c.a.c.d.i.m.OAuthTokenDaoMybatisImpl - MyBatis DAO: Saving OAuth token
2026-01-06 10:38:00 [Test worker] DEBUG c.a.c.d.i.m.m.O.insert - ==&gt;  Preparing: INSERT INTO oauth_tokens (user_id, access_token, refresh_token, token_type, expires_at, refresh_expires_at, is_revoked, created_at, client_ip, user_agent) VALUES (?, ?, ?, ?, ?, ?, ?, COALESCE(?, NOW()), ?, ?)
2026-01-06 10:38:00 [Test worker] DEBUG c.a.c.d.i.m.m.O.insert - ==&gt; Parameters: 3(Long), eyJhbGciOiJIUzM4NCJ9.eyJzdWIiOiIzIiwidXNlcm5hbWUiOiJ1bmlxdWUxMTc2NzY2NzA4MDcyNSIsImVtYWlsIjoiZHVwbGljYXRlMTc2NzY2NzA4MDcyNUBleGFtcGxlLmNvbSIsInJvbGUiOiJVU0VSIiwiaWF0IjoxNzY3NjY3MDgwLCJleHAiOjE3Njc2NzA2ODB9.eq8YmQHtOh9zCLOB-P7p7gq--1eIufnhK11nklW6E-jPUns6qzbT-y0VwjQun9H2(String), eyJhbGciOiJIUzM4NCJ9.eyJzdWIiOiIzIiwidHlwZSI6InJlZnJlc2giLCJpYXQiOjE3Njc2NjcwODAsImV4cCI6MTc2Nzc1MzQ4MH0.XMzTCgweVe_VRtD8OLF8O_3ByUV6bAH2z_-wB3UXLLO1SbYjOavQrYsCVTqBigTF(String), Bearer(String), 2026-01-06T11:38:00.789797(LocalDateTime), 2026-01-07T10:38:00.789797(LocalDateTime), false(Boolean), null, null, null
2026-01-06 10:38:00 [Test worker] DEBUG c.a.c.d.i.m.m.O.insert - &lt;==    Updates: 1
2026-01-06 10:38:00 [Test worker] INFO  c.a.c.service.impl.AuthServiceImpl - Registering new user with username: unique21767667080791
2026-01-06 10:38:00 [Test worker] DEBUG c.a.c.d.i.m.m.U.existsByUsername - ==&gt;  Preparing: SELECT COUNT(*) &gt; 0 FROM users WHERE username = ?
2026-01-06 10:38:00 [Test worker] DEBUG c.a.c.d.i.m.m.U.existsByUsername - ==&gt; Parameters: unique21767667080791(String)
2026-01-06 10:38:00 [Test worker] DEBUG c.a.c.d.i.m.m.U.existsByUsername - &lt;==      Total: 1
2026-01-06 10:38:00 [Test worker] DEBUG c.a.c.d.i.m.m.U.existsByEmail - ==&gt;  Preparing: SELECT COUNT(*) &gt; 0 FROM users WHERE email = ?
2026-01-06 10:38:00 [Test worker] DEBUG c.a.c.d.i.m.m.U.existsByEmail - ==&gt; Parameters: duplicate1767667080725@example.com(String)
2026-01-06 10:38:00 [Test worker] DEBUG c.a.c.d.i.m.m.U.existsByEmail - &lt;==      Total: 1
2026-01-06 10:38:00 [Test worker] WARN  c.a.c.e.GlobalExceptionHandler - Validation error: Email already exists
2026-01-06 10:38:00 [Test worker] INFO  c.a.c.service.impl.AuthServiceImpl - Registering new user with username: validuser
2026-01-06 10:38:00 [Test worker] WARN  c.a.c.e.GlobalExceptionHandler - Validation error: Passwords do not match
2026-01-06 10:38:00 [Test worker] INFO  c.a.c.service.impl.AuthServiceImpl - Refreshing token
2026-01-06 10:38:00 [Test worker] ERROR c.a.cloud.security.JwtTokenProvider - Invalid JWT token
2026-01-06 10:38:00 [Test worker] WARN  c.a.c.e.GlobalExceptionHandler - Unauthorized access: Invalid refresh token
2026-01-06 10:38:00 [Test worker] WARN  c.a.c.e.GlobalExceptionHandler - Validation failed: Validation failed for argument [0] in public org.springframework.http.ResponseEntity&lt;com.arcana.cloud.dto.response.ApiResponse&lt;com.arcana.cloud.dto.response.AuthResponse&gt;&gt; com.arcana.cloud.controller.AuthController.login(com.arcana.cloud.dto.request.LoginRequest): [Field error in object 'loginRequest' on field 'password': rejected value [null]; codes [NotBlank.loginRequest.password,NotBlank.password,NotBlank.java.lang.String,NotBlank]; arguments [org.springframework.context.support.DefaultMessageSourceResolvable: codes [loginRequest.password,password]; arguments []; default message [password]]; default message [Password is required]] 
2026-01-06 10:38:00 [Test worker] WARN  c.a.c.e.GlobalExceptionHandler - Validation failed: Validation failed for argument [0] in public org.springframework.http.ResponseEntity&lt;com.arcana.cloud.dto.response.ApiResponse&lt;com.arcana.cloud.dto.response.AuthResponse&gt;&gt; com.arcana.cloud.controller.AuthController.register(com.arcana.cloud.dto.request.RegisterRequest): [Field error in object 'registerRequest' on field 'username': rejected value [null]; codes [NotBlank.registerRequest.username,NotBlank.username,NotBlank.java.lang.String,NotBlank]; arguments [org.springframework.context.support.DefaultMessageSourceResolvable: codes [registerRequest.username,username]; arguments []; default message [username]]; default message [Username is required]] 
2026-01-06 10:38:00 [Test worker] WARN  c.a.c.e.GlobalExceptionHandler - Validation failed: Validation failed for argument [0] in public org.springframework.http.ResponseEntity&lt;com.arcana.cloud.dto.response.ApiResponse&lt;com.arcana.cloud.dto.response.AuthResponse&gt;&gt; com.arcana.cloud.controller.AuthController.register(com.arcana.cloud.dto.request.RegisterRequest): [Field error in object 'registerRequest' on field 'password': rejected value [short]; codes [Size.registerRequest.password,Size.password,Size.java.lang.String,Size]; arguments [org.springframework.context.support.DefaultMessageSourceResolvable: codes [registerRequest.password,password]; arguments []; default message [password],100,8]; default message [Password must be between 8 and 100 characters]] 
2026-01-06 10:38:00 [Test worker] WARN  c.a.c.e.GlobalExceptionHandler - Validation failed: Validation failed for argument [0] in public org.springframework.http.ResponseEntity&lt;com.arcana.cloud.dto.response.ApiResponse&lt;com.arcana.cloud.dto.response.AuthResponse&gt;&gt; com.arcana.cloud.controller.AuthController.register(com.arcana.cloud.dto.request.RegisterRequest) with 4 errors: [Field error in object 'registerRequest' on field 'email': rejected value [null]; codes [NotBlank.registerRequest.email,NotBlank.email,NotBlank.java.lang.String,NotBlank]; arguments [org.springframework.context.support.DefaultMessageSourceResolvable: codes [registerRequest.email,email]; arguments []; default message [email]]; default message [Email is required]] [Field error in object 'registerRequest' on field 'password': rejected value [null]; codes [NotBlank.registerRequest.password,NotBlank.password,NotBlank.java.lang.String,NotBlank]; arguments [org.springframework.context.support.DefaultMessageSourceResolvable: codes [registerRequest.password,password]; arguments []; default message [password]]; default message [Password is required]] [Field error in object 'registerRequest' on field 'username': rejected value [null]; codes [NotBlank.registerRequest.username,NotBlank.username,NotBlank.java.lang.String,NotBlank]; arguments [org.springframework.context.support.DefaultMessageSourceResolvable: codes [registerRequest.username,username]; arguments []; default message [username]]; default message [Username is required]] [Field error in object 'registerRequest' on field 'confirmPassword': rejected value [null]; codes [NotBlank.registerRequest.confirmPassword,NotBlank.confirmPassword,NotBlank.java.lang.String,NotBlank]; arguments [org.springframework.context.support.DefaultMessageSourceResolvable: codes [registerRequest.confirmPassword,confirmPassword]; arguments []; default message [confirmPassword]]; default message [Confirm password is required]] 
2026-01-06 10:38:00 [Test worker] WARN  c.a.c.e.GlobalExceptionHandler - Validation failed: Validation failed for argument [0] in public org.springframework.http.ResponseEntity&lt;com.arcana.cloud.dto.response.ApiResponse&lt;com.arcana.cloud.dto.response.AuthResponse&gt;&gt; com.arcana.cloud.controller.AuthController.register(com.arcana.cloud.dto.request.RegisterRequest): [Field error in object 'registerRequest' on field 'password': rejected value [null]; codes [NotBlank.registerRequest.password,NotBlank.password,NotBlank.java.lang.String,NotBlank]; arguments [org.springframework.context.support.DefaultMessageSourceResolvable: codes [registerRequest.password,password]; arguments []; default message [password]]; default message [Password is required]] 
2026-01-06 10:38:00 [Test worker] WARN  c.a.c.e.GlobalExceptionHandler - Validation failed: Validation failed for argument [0] in public org.springframework.http.ResponseEntity&lt;com.arcana.cloud.dto.response.ApiResponse&lt;com.arcana.cloud.dto.response.AuthResponse&gt;&gt; com.arcana.cloud.controller.AuthController.register(com.arcana.cloud.dto.request.RegisterRequest): [Field error in object 'registerRequest' on field 'email': rejected value [invalid-email]; codes [Email.registerRequest.email,Email.email,Email.java.lang.String,Email]; arguments [org.springframework.context.support.DefaultMessageSourceResolvable: codes [registerRequest.email,email]; arguments []; default message [email],[Ljakarta.validation.constraints.Pattern$Flag;@20c4f2af,.*]; default message [Email must be valid]] 
2026-01-06 10:38:00 [Test worker] WARN  c.a.c.e.GlobalExceptionHandler - Validation failed: Validation failed for argument [0] in public org.springframework.http.ResponseEntity&lt;com.arcana.cloud.dto.response.ApiResponse&lt;com.arcana.cloud.dto.response.AuthResponse&gt;&gt; com.arcana.cloud.controller.AuthController.refreshToken(com.arcana.cloud.dto.request.RefreshTokenRequest): [Field error in object 'refreshTokenRequest' on field 'refreshToken': rejected value [null]; codes [NotBlank.refreshTokenRequest.refreshToken,NotBlank.refreshToken,NotBlank.java.lang.String,NotBlank]; arguments [org.springframework.context.support.DefaultMessageSourceResolvable: codes [refreshTokenRequest.refreshToken,refreshToken]; arguments []; default message [refreshToken]]; default message [Refresh token is required]] 
</pre>
<button class="clipboard-copy-btn" aria-label="Copy to clipboard" data-copy-element-id="class-stdout">Copy</button>
</span>
</div>
<div class="tab">
<h2>Standard error</h2>
<span class="code">
<pre id="class-stderr">Mockito is currently self-attaching to enable the inline-mock-maker. This will no longer work in future releases of the JDK. Please add Mockito as an agent to your build as described in Mockito's documentation: https://javadoc.io/doc/org.mockito/mockito-core/latest/org.mockito/org/mockito/Mockito.html#0.3
WARNING: A Java agent has been loaded dynamically (/Users/jrjohn/.gradle/caches/modules-2/files-2.1/net.bytebuddy/byte-buddy-agent/1.17.8/f09415827a71be7ed621c7bd02550678f28bc81c/byte-buddy-agent-1.17.8.jar)
WARNING: If a serviceability tool is in use, please run with -XX:+EnableDynamicAgentLoading to hide this warning
WARNING: If a serviceability tool is not in use, please run with -Djdk.instrument.traceUsage for more information
WARNING: Dynamic loading of agents will be disallowed by default in a future release
</pre>
<button class="clipboard-copy-btn" aria-label="Copy to clipboard" data-copy-element-id="class-stderr">Copy</button>
</span>
</div>
</div>
<div id="footer">
<p>
<div>
<label class="hidden" id="label-for-line-wrapping-toggle" for="line-wrapping-toggle">Wrap lines
<input id="line-wrapping-toggle" type="checkbox" autocomplete="off"/>
</label>
</div>Generated by 
<a href="https://www.gradle.org">Gradle 9.2.1</a> at 202616 10:39:55</p>
</div>
</div>
</body>
</html>
